running egg_info
writing ../../build/mediscara/mediscara.egg-info/PKG-INFO
writing dependency_links to ../../build/mediscara/mediscara.egg-info/dependency_links.txt
writing entry points to ../../build/mediscara/mediscara.egg-info/entry_points.txt
writing requirements to ../../build/mediscara/mediscara.egg-info/requires.txt
writing top-level names to ../../build/mediscara/mediscara.egg-info/top_level.txt
reading manifest file '../../build/mediscara/mediscara.egg-info/SOURCES.txt'
writing manifest file '../../build/mediscara/mediscara.egg-info/SOURCES.txt'
running build
running build_py
copying mediscara/scripts/widgets/layout/gui_ui.py -> /home/ppuska/mediscara_ws/build/mediscara/build/lib/mediscara/scripts/widgets/layout
running install
running install_lib
copying /home/ppuska/mediscara_ws/build/mediscara/build/lib/mediscara/scripts/widgets/layout/gui_ui.py -> /home/ppuska/mediscara_ws/install/mediscara/lib/python3.8/site-packages/mediscara/scripts/widgets/layout
byte-compiling /home/ppuska/mediscara_ws/install/mediscara/lib/python3.8/site-packages/mediscara/scripts/widgets/layout/gui_ui.py to gui_ui.cpython-38.pyc
running install_data
running install_egg_info
removing '/home/ppuska/mediscara_ws/install/mediscara/lib/python3.8/site-packages/mediscara-0.0.2-py3.8.egg-info' (and everything under it)
Copying ../../build/mediscara/mediscara.egg-info to /home/ppuska/mediscara_ws/install/mediscara/lib/python3.8/site-packages/mediscara-0.0.2-py3.8.egg-info
running install_scripts
Installing collab_node script to /home/ppuska/mediscara_ws/install/mediscara/lib/mediscara
Installing marker_node script to /home/ppuska/mediscara_ws/install/mediscara/lib/mediscara
Installing robot1_node script to /home/ppuska/mediscara_ws/install/mediscara/lib/mediscara
Installing robot2_node script to /home/ppuska/mediscara_ws/install/mediscara/lib/mediscara
writing list of installed files to '/home/ppuska/mediscara_ws/build/mediscara/install.log'
