[0.711s] Invoking command in '/home/ppuska/mediscara_ws/src/mediscara': PYTHONPATH=/home/ppuska/mediscara_ws/install/mediscara/lib/python3.8/site-packages:${PYTHONPATH} /usr/bin/python3 setup.py egg_info --egg-base ../../build/mediscara build --build-base /home/ppuska/mediscara_ws/build/mediscara/build install --prefix /home/ppuska/mediscara_ws/install/mediscara --record /home/ppuska/mediscara_ws/build/mediscara/install.log --single-version-externally-managed
[0.902s] running egg_info
[0.903s] writing ../../build/mediscara/mediscara.egg-info/PKG-INFO
[0.903s] writing dependency_links to ../../build/mediscara/mediscara.egg-info/dependency_links.txt
[0.903s] writing entry points to ../../build/mediscara/mediscara.egg-info/entry_points.txt
[0.903s] writing requirements to ../../build/mediscara/mediscara.egg-info/requires.txt
[0.904s] writing top-level names to ../../build/mediscara/mediscara.egg-info/top_level.txt
[0.942s] reading manifest file '../../build/mediscara/mediscara.egg-info/SOURCES.txt'
[0.944s] writing manifest file '../../build/mediscara/mediscara.egg-info/SOURCES.txt'
[0.944s] running build
[0.944s] running build_py
[0.945s] copying mediscara/scripts/widgets/layout/gui_ui.py -> /home/ppuska/mediscara_ws/build/mediscara/build/lib/mediscara/scripts/widgets/layout
[0.946s] running install
[0.948s] running install_lib
[0.949s] copying /home/ppuska/mediscara_ws/build/mediscara/build/lib/mediscara/scripts/widgets/layout/gui_ui.py -> /home/ppuska/mediscara_ws/install/mediscara/lib/python3.8/site-packages/mediscara/scripts/widgets/layout
[0.951s] byte-compiling /home/ppuska/mediscara_ws/install/mediscara/lib/python3.8/site-packages/mediscara/scripts/widgets/layout/gui_ui.py to gui_ui.cpython-38.pyc
[0.954s] running install_data
[0.955s] running install_egg_info
[0.956s] removing '/home/ppuska/mediscara_ws/install/mediscara/lib/python3.8/site-packages/mediscara-0.0.2-py3.8.egg-info' (and everything under it)
[0.956s] Copying ../../build/mediscara/mediscara.egg-info to /home/ppuska/mediscara_ws/install/mediscara/lib/python3.8/site-packages/mediscara-0.0.2-py3.8.egg-info
[0.957s] running install_scripts
[0.976s] Installing collab_node script to /home/ppuska/mediscara_ws/install/mediscara/lib/mediscara
[0.976s] Installing marker_node script to /home/ppuska/mediscara_ws/install/mediscara/lib/mediscara
[0.976s] Installing robot1_node script to /home/ppuska/mediscara_ws/install/mediscara/lib/mediscara
[0.977s] Installing robot2_node script to /home/ppuska/mediscara_ws/install/mediscara/lib/mediscara
[0.977s] writing list of installed files to '/home/ppuska/mediscara_ws/build/mediscara/install.log'
[1.004s] Invoked command in '/home/ppuska/mediscara_ws/src/mediscara' returned '0': PYTHONPATH=/home/ppuska/mediscara_ws/install/mediscara/lib/python3.8/site-packages:${PYTHONPATH} /usr/bin/python3 setup.py egg_info --egg-base ../../build/mediscara build --build-base /home/ppuska/mediscara_ws/build/mediscara/build install --prefix /home/ppuska/mediscara_ws/install/mediscara --record /home/ppuska/mediscara_ws/build/mediscara/install.log --single-version-externally-managed
