[1.837s] colcon DEBUG Command line arguments: ['C:\\opt\\ros\\foxy\\x64\\Scripts\\colcon', 'list', '-p', '--base-paths', 'y:\\home\\ppuska\\mediscara_ws']
[1.837s] colcon DEBUG Parsed command line arguments: Namespace(base_paths=['y:\\home\\ppuska\\mediscara_ws'], build_base='build', ignore_user_meta=False, log_base=None, log_level=None, main=<bound method ListVerb.main of <colcon_package_information.verb.list.ListVerb object at 0x00000273E1CC5DF0>>, metas=['./colcon.meta'], names_only=False, packages_above=None, packages_above_and_dependencies=None, packages_above_depth=None, packages_end=None, packages_ignore=None, packages_ignore_regex=None, packages_select=None, packages_select_build_failed=False, packages_select_by_dep=None, packages_select_regex=None, packages_select_test_failures=False, packages_skip=None, packages_skip_build_finished=False, packages_skip_by_dep=None, packages_skip_regex=None, packages_skip_test_passed=False, packages_skip_up_to=None, packages_start=None, packages_up_to=None, packages_up_to_regex=None, paths=None, paths_only=True, topological_graph=False, topological_graph_density=False, topological_graph_dot=False, topological_graph_dot_cluster=False, topological_graph_dot_include_skipped=False, topological_graph_legend=False, topological_order=False, verb_extension=<colcon_package_information.verb.list.ListVerb object at 0x00000273E1CC5DF0>, verb_name='list', verb_parser=<colcon_defaults.argument_parser.defaults.DefaultArgumentsDecorator object at 0x00000273E1F3BAC0>)
[2.238s] colcon.colcon_core.package_discovery Level 1 discover_packages(colcon_meta) check parameters
[2.239s] colcon.colcon_core.package_discovery Level 1 discover_packages(recursive) check parameters
[2.240s] colcon.colcon_core.package_discovery Level 1 discover_packages(ignore) check parameters
[2.240s] colcon.colcon_core.package_discovery Level 1 discover_packages(path) check parameters
[2.241s] colcon.colcon_core.package_discovery Level 1 discover_packages(recursive) discover
[2.241s] colcon.colcon_core.package_discovery INFO Crawling recursively for packages in 'y:\home\ppuska\mediscara_ws'
[2.252s] colcon.colcon_core.package_identification Level 1 _identify(y:\home\ppuska\mediscara_ws) by extensions ['ignore', 'ignore_ament_install']
[2.252s] colcon.colcon_core.package_identification Level 1 _identify(y:\home\ppuska\mediscara_ws) by extension 'ignore'
[2.253s] colcon.colcon_core.package_identification Level 1 _identify(y:\home\ppuska\mediscara_ws) by extension 'ignore_ament_install'
[2.254s] colcon.colcon_core.package_identification Level 1 _identify(y:\home\ppuska\mediscara_ws) by extensions ['colcon_pkg']
[2.254s] colcon.colcon_core.package_identification Level 1 _identify(y:\home\ppuska\mediscara_ws) by extension 'colcon_pkg'
[2.255s] colcon.colcon_core.package_identification Level 1 _identify(y:\home\ppuska\mediscara_ws) by extensions ['colcon_meta']
[2.256s] colcon.colcon_core.package_identification Level 1 _identify(y:\home\ppuska\mediscara_ws) by extension 'colcon_meta'
[2.264s] colcon.colcon_core.package_identification Level 1 _identify(y:\home\ppuska\mediscara_ws) by extensions ['ros']
[2.266s] colcon.colcon_core.package_identification Level 1 _identify(y:\home\ppuska\mediscara_ws) by extension 'ros'
[2.329s] colcon.colcon_core.package_identification Level 1 _identify(y:\home\ppuska\mediscara_ws) by extensions ['cmake', 'python']
[2.330s] colcon.colcon_core.package_identification Level 1 _identify(y:\home\ppuska\mediscara_ws) by extension 'cmake'
[2.331s] colcon.colcon_core.package_identification Level 1 _identify(y:\home\ppuska\mediscara_ws) by extension 'python'
[2.332s] colcon.colcon_core.package_identification Level 1 _identify(y:\home\ppuska\mediscara_ws) by extensions ['python_setup_py']
[2.332s] colcon.colcon_core.package_identification Level 1 _identify(y:\home\ppuska\mediscara_ws) by extension 'python_setup_py'
[2.345s] colcon.colcon_core.package_identification Level 1 _identify(y:\home\ppuska\mediscara_ws\build) by extensions ['ignore', 'ignore_ament_install']
[2.345s] colcon.colcon_core.package_identification Level 1 _identify(y:\home\ppuska\mediscara_ws\build) by extension 'ignore'
[2.347s] colcon.colcon_core.package_identification Level 1 _identify(y:\home\ppuska\mediscara_ws\build) ignored
[2.359s] colcon.colcon_core.package_identification Level 1 _identify(y:\home\ppuska\mediscara_ws\install) by extensions ['ignore', 'ignore_ament_install']
[2.360s] colcon.colcon_core.package_identification Level 1 _identify(y:\home\ppuska\mediscara_ws\install) by extension 'ignore'
[2.362s] colcon.colcon_core.package_identification Level 1 _identify(y:\home\ppuska\mediscara_ws\install) ignored
[2.373s] colcon.colcon_core.package_identification Level 1 _identify(y:\home\ppuska\mediscara_ws\log) by extensions ['ignore', 'ignore_ament_install']
[2.374s] colcon.colcon_core.package_identification Level 1 _identify(y:\home\ppuska\mediscara_ws\log) by extension 'ignore'
[2.375s] colcon.colcon_core.package_identification Level 1 _identify(y:\home\ppuska\mediscara_ws\log) ignored
[2.387s] colcon.colcon_core.package_identification Level 1 _identify(y:\home\ppuska\mediscara_ws\src) by extensions ['ignore', 'ignore_ament_install']
[2.388s] colcon.colcon_core.package_identification Level 1 _identify(y:\home\ppuska\mediscara_ws\src) by extension 'ignore'
[2.390s] colcon.colcon_core.package_identification Level 1 _identify(y:\home\ppuska\mediscara_ws\src) by extension 'ignore_ament_install'
[2.391s] colcon.colcon_core.package_identification Level 1 _identify(y:\home\ppuska\mediscara_ws\src) by extensions ['colcon_pkg']
[2.392s] colcon.colcon_core.package_identification Level 1 _identify(y:\home\ppuska\mediscara_ws\src) by extension 'colcon_pkg'
[2.393s] colcon.colcon_core.package_identification Level 1 _identify(y:\home\ppuska\mediscara_ws\src) by extensions ['colcon_meta']
[2.393s] colcon.colcon_core.package_identification Level 1 _identify(y:\home\ppuska\mediscara_ws\src) by extension 'colcon_meta'
[2.404s] colcon.colcon_core.package_identification Level 1 _identify(y:\home\ppuska\mediscara_ws\src) by extensions ['ros']
[2.405s] colcon.colcon_core.package_identification Level 1 _identify(y:\home\ppuska\mediscara_ws\src) by extension 'ros'
[2.408s] colcon.colcon_core.package_identification Level 1 _identify(y:\home\ppuska\mediscara_ws\src) by extensions ['cmake', 'python']
[2.409s] colcon.colcon_core.package_identification Level 1 _identify(y:\home\ppuska\mediscara_ws\src) by extension 'cmake'
[2.410s] colcon.colcon_core.package_identification Level 1 _identify(y:\home\ppuska\mediscara_ws\src) by extension 'python'
[2.411s] colcon.colcon_core.package_identification Level 1 _identify(y:\home\ppuska\mediscara_ws\src) by extensions ['python_setup_py']
[2.411s] colcon.colcon_core.package_identification Level 1 _identify(y:\home\ppuska\mediscara_ws\src) by extension 'python_setup_py'
[2.424s] colcon.colcon_core.package_identification Level 1 _identify(y:\home\ppuska\mediscara_ws\src\interfaces) by extensions ['ignore', 'ignore_ament_install']
[2.425s] colcon.colcon_core.package_identification Level 1 _identify(y:\home\ppuska\mediscara_ws\src\interfaces) by extension 'ignore'
[2.426s] colcon.colcon_core.package_identification Level 1 _identify(y:\home\ppuska\mediscara_ws\src\interfaces) by extension 'ignore_ament_install'
[2.428s] colcon.colcon_core.package_identification Level 1 _identify(y:\home\ppuska\mediscara_ws\src\interfaces) by extensions ['colcon_pkg']
[2.428s] colcon.colcon_core.package_identification Level 1 _identify(y:\home\ppuska\mediscara_ws\src\interfaces) by extension 'colcon_pkg'
[2.429s] colcon.colcon_core.package_identification Level 1 _identify(y:\home\ppuska\mediscara_ws\src\interfaces) by extensions ['colcon_meta']
[2.429s] colcon.colcon_core.package_identification Level 1 _identify(y:\home\ppuska\mediscara_ws\src\interfaces) by extension 'colcon_meta'
[2.440s] colcon.colcon_core.package_identification Level 1 _identify(y:\home\ppuska\mediscara_ws\src\interfaces) by extensions ['ros']
[2.441s] colcon.colcon_core.package_identification Level 1 _identify(y:\home\ppuska\mediscara_ws\src\interfaces) by extension 'ros'
[2.465s] colcon.colcon_core.package_identification DEBUG Package 'y:\home\ppuska\mediscara_ws\src\interfaces' with type 'ros.ament_cmake' and name 'interfaces'
[2.480s] colcon.colcon_core.package_identification Level 1 _identify(y:\home\ppuska\mediscara_ws\src\mediscara) by extensions ['ignore', 'ignore_ament_install']
[2.480s] colcon.colcon_core.package_identification Level 1 _identify(y:\home\ppuska\mediscara_ws\src\mediscara) by extension 'ignore'
[2.482s] colcon.colcon_core.package_identification Level 1 _identify(y:\home\ppuska\mediscara_ws\src\mediscara) by extension 'ignore_ament_install'
[2.483s] colcon.colcon_core.package_identification Level 1 _identify(y:\home\ppuska\mediscara_ws\src\mediscara) by extensions ['colcon_pkg']
[2.484s] colcon.colcon_core.package_identification Level 1 _identify(y:\home\ppuska\mediscara_ws\src\mediscara) by extension 'colcon_pkg'
[2.484s] colcon.colcon_core.package_identification Level 1 _identify(y:\home\ppuska\mediscara_ws\src\mediscara) by extensions ['colcon_meta']
[2.485s] colcon.colcon_core.package_identification Level 1 _identify(y:\home\ppuska\mediscara_ws\src\mediscara) by extension 'colcon_meta'
[2.495s] colcon.colcon_core.package_identification Level 1 _identify(y:\home\ppuska\mediscara_ws\src\mediscara) by extensions ['ros']
[2.496s] colcon.colcon_core.package_identification Level 1 _identify(y:\home\ppuska\mediscara_ws\src\mediscara) by extension 'ros'
[2.515s] colcon.colcon_core.package_identification DEBUG Package 'y:\home\ppuska\mediscara_ws\src\mediscara' with type 'ros.ament_python' and name 'mediscara'
[2.515s] colcon.colcon_core.package_discovery Level 1 discover_packages(recursive) using defaults
