/home/ppuska/mediscara_ws/install/mediscara/lib/python3.8/site-packages/mediscara/robot2_node.py
/home/ppuska/mediscara_ws/install/mediscara/lib/python3.8/site-packages/mediscara/marker_node.py
/home/ppuska/mediscara_ws/install/mediscara/lib/python3.8/site-packages/mediscara/robot1_node.py
/home/ppuska/mediscara_ws/install/mediscara/lib/python3.8/site-packages/mediscara/config.py
/home/ppuska/mediscara_ws/install/mediscara/lib/python3.8/site-packages/mediscara/hmi_collab_node.py
/home/ppuska/mediscara_ws/install/mediscara/lib/python3.8/site-packages/mediscara/__init__.py
/home/ppuska/mediscara_ws/install/mediscara/lib/python3.8/site-packages/launch/__init__.py
/home/ppuska/mediscara_ws/install/mediscara/lib/python3.8/site-packages/launch/all.launch.py
/home/ppuska/mediscara_ws/install/mediscara/lib/python3.8/site-packages/mediscara/scripts/utils.py
/home/ppuska/mediscara_ws/install/mediscara/lib/python3.8/site-packages/mediscara/scripts/sql.py
/home/ppuska/mediscara_ws/install/mediscara/lib/python3.8/site-packages/mediscara/scripts/ros_node.py
/home/ppuska/mediscara_ws/install/mediscara/lib/python3.8/site-packages/mediscara/scripts/logger.py
/home/ppuska/mediscara_ws/install/mediscara/lib/python3.8/site-packages/mediscara/scripts/serial_manager.py
/home/ppuska/mediscara_ws/install/mediscara/lib/python3.8/site-packages/mediscara/scripts/thread_manager.py
/home/ppuska/mediscara_ws/install/mediscara/lib/python3.8/site-packages/mediscara/scripts/SQLGui.py
/home/ppuska/mediscara_ws/install/mediscara/lib/python3.8/site-packages/mediscara/scripts/hmi.py
/home/ppuska/mediscara_ws/install/mediscara/lib/python3.8/site-packages/mediscara/scripts/socket_manager.py
/home/ppuska/mediscara_ws/install/mediscara/lib/python3.8/site-packages/mediscara/scripts/__init__.py
/home/ppuska/mediscara_ws/install/mediscara/lib/python3.8/site-packages/mediscara/scripts/widgets/sql_gui_UI.py
/home/ppuska/mediscara_ws/install/mediscara/lib/python3.8/site-packages/mediscara/scripts/widgets/statusbar_widget_UI.py
/home/ppuska/mediscara_ws/install/mediscara/lib/python3.8/site-packages/mediscara/scripts/widgets/__init__.py
/home/ppuska/mediscara_ws/install/mediscara/lib/python3.8/site-packages/mediscara/scripts/widgets/layout/gui_UI.py
/home/ppuska/mediscara_ws/install/mediscara/lib/python3.8/site-packages/mediscara/scripts/widgets/layout/collab_info_UI.py
/home/ppuska/mediscara_ws/install/mediscara/lib/python3.8/site-packages/mediscara/scripts/widgets/layout/node_list_item_UI.py
/home/ppuska/mediscara_ws/install/mediscara/lib/python3.8/site-packages/mediscara/scripts/widgets/layout/res_rc.py
/home/ppuska/mediscara_ws/install/mediscara/lib/python3.8/site-packages/mediscara/scripts/widgets/layout/collab_control_UI.py
/home/ppuska/mediscara_ws/install/mediscara/lib/python3.8/site-packages/mediscara/scripts/widgets/layout/error_list_item_UI.py
/home/ppuska/mediscara_ws/install/mediscara/lib/python3.8/site-packages/mediscara/scripts/widgets/layout/__init__.py
/home/ppuska/mediscara_ws/install/mediscara/lib/python3.8/site-packages/mediscara/scripts/widgets/layout/statusbar_UI.py
/home/ppuska/mediscara_ws/install/mediscara/lib/python3.8/site-packages/mediscara/__pycache__/robot2_node.cpython-38.pyc
/home/ppuska/mediscara_ws/install/mediscara/lib/python3.8/site-packages/mediscara/__pycache__/marker_node.cpython-38.pyc
/home/ppuska/mediscara_ws/install/mediscara/lib/python3.8/site-packages/mediscara/__pycache__/robot1_node.cpython-38.pyc
/home/ppuska/mediscara_ws/install/mediscara/lib/python3.8/site-packages/mediscara/__pycache__/config.cpython-38.pyc
/home/ppuska/mediscara_ws/install/mediscara/lib/python3.8/site-packages/mediscara/__pycache__/hmi_collab_node.cpython-38.pyc
/home/ppuska/mediscara_ws/install/mediscara/lib/python3.8/site-packages/mediscara/__pycache__/__init__.cpython-38.pyc
/home/ppuska/mediscara_ws/install/mediscara/lib/python3.8/site-packages/launch/__pycache__/__init__.cpython-38.pyc
/home/ppuska/mediscara_ws/install/mediscara/lib/python3.8/site-packages/launch/__pycache__/all.launch.cpython-38.pyc
/home/ppuska/mediscara_ws/install/mediscara/lib/python3.8/site-packages/mediscara/scripts/__pycache__/utils.cpython-38.pyc
/home/ppuska/mediscara_ws/install/mediscara/lib/python3.8/site-packages/mediscara/scripts/__pycache__/sql.cpython-38.pyc
/home/ppuska/mediscara_ws/install/mediscara/lib/python3.8/site-packages/mediscara/scripts/__pycache__/ros_node.cpython-38.pyc
/home/ppuska/mediscara_ws/install/mediscara/lib/python3.8/site-packages/mediscara/scripts/__pycache__/logger.cpython-38.pyc
/home/ppuska/mediscara_ws/install/mediscara/lib/python3.8/site-packages/mediscara/scripts/__pycache__/serial_manager.cpython-38.pyc
/home/ppuska/mediscara_ws/install/mediscara/lib/python3.8/site-packages/mediscara/scripts/__pycache__/thread_manager.cpython-38.pyc
/home/ppuska/mediscara_ws/install/mediscara/lib/python3.8/site-packages/mediscara/scripts/__pycache__/SQLGui.cpython-38.pyc
/home/ppuska/mediscara_ws/install/mediscara/lib/python3.8/site-packages/mediscara/scripts/__pycache__/hmi.cpython-38.pyc
/home/ppuska/mediscara_ws/install/mediscara/lib/python3.8/site-packages/mediscara/scripts/__pycache__/socket_manager.cpython-38.pyc
/home/ppuska/mediscara_ws/install/mediscara/lib/python3.8/site-packages/mediscara/scripts/__pycache__/__init__.cpython-38.pyc
/home/ppuska/mediscara_ws/install/mediscara/lib/python3.8/site-packages/mediscara/scripts/widgets/__pycache__/sql_gui_UI.cpython-38.pyc
/home/ppuska/mediscara_ws/install/mediscara/lib/python3.8/site-packages/mediscara/scripts/widgets/__pycache__/statusbar_widget_UI.cpython-38.pyc
/home/ppuska/mediscara_ws/install/mediscara/lib/python3.8/site-packages/mediscara/scripts/widgets/__pycache__/__init__.cpython-38.pyc
/home/ppuska/mediscara_ws/install/mediscara/lib/python3.8/site-packages/mediscara/scripts/widgets/layout/__pycache__/gui_UI.cpython-38.pyc
/home/ppuska/mediscara_ws/install/mediscara/lib/python3.8/site-packages/mediscara/scripts/widgets/layout/__pycache__/collab_info_UI.cpython-38.pyc
/home/ppuska/mediscara_ws/install/mediscara/lib/python3.8/site-packages/mediscara/scripts/widgets/layout/__pycache__/node_list_item_UI.cpython-38.pyc
/home/ppuska/mediscara_ws/install/mediscara/lib/python3.8/site-packages/mediscara/scripts/widgets/layout/__pycache__/res_rc.cpython-38.pyc
/home/ppuska/mediscara_ws/install/mediscara/lib/python3.8/site-packages/mediscara/scripts/widgets/layout/__pycache__/collab_control_UI.cpython-38.pyc
/home/ppuska/mediscara_ws/install/mediscara/lib/python3.8/site-packages/mediscara/scripts/widgets/layout/__pycache__/error_list_item_UI.cpython-38.pyc
/home/ppuska/mediscara_ws/install/mediscara/lib/python3.8/site-packages/mediscara/scripts/widgets/layout/__pycache__/__init__.cpython-38.pyc
/home/ppuska/mediscara_ws/install/mediscara/lib/python3.8/site-packages/mediscara/scripts/widgets/layout/__pycache__/statusbar_UI.cpython-38.pyc
/home/ppuska/mediscara_ws/install/mediscara/share/ament_index/resource_index/packages/mediscara
/home/ppuska/mediscara_ws/install/mediscara/share/mediscara/package.xml
/home/ppuska/mediscara_ws/install/mediscara/share/mediscara/all.launch.py
/home/ppuska/mediscara_ws/install/mediscara/lib/python3.8/site-packages/mediscara-0.0.2-py3.8.egg-info/top_level.txt
/home/ppuska/mediscara_ws/install/mediscara/lib/python3.8/site-packages/mediscara-0.0.2-py3.8.egg-info/dependency_links.txt
/home/ppuska/mediscara_ws/install/mediscara/lib/python3.8/site-packages/mediscara-0.0.2-py3.8.egg-info/entry_points.txt
/home/ppuska/mediscara_ws/install/mediscara/lib/python3.8/site-packages/mediscara-0.0.2-py3.8.egg-info/SOURCES.txt
/home/ppuska/mediscara_ws/install/mediscara/lib/python3.8/site-packages/mediscara-0.0.2-py3.8.egg-info/requires.txt
/home/ppuska/mediscara_ws/install/mediscara/lib/python3.8/site-packages/mediscara-0.0.2-py3.8.egg-info/PKG-INFO
/home/ppuska/mediscara_ws/install/mediscara/lib/python3.8/site-packages/mediscara-0.0.2-py3.8.egg-info/zip-safe
/home/ppuska/mediscara_ws/install/mediscara/lib/mediscara/collab_node
/home/ppuska/mediscara_ws/install/mediscara/lib/mediscara/marker_node
/home/ppuska/mediscara_ws/install/mediscara/lib/mediscara/robot1_node
/home/ppuska/mediscara_ws/install/mediscara/lib/mediscara/robot2_node
