running egg_info
creating ../../build/mediscara/mediscara.egg-info
writing ../../build/mediscara/mediscara.egg-info/PKG-INFO
writing dependency_links to ../../build/mediscara/mediscara.egg-info/dependency_links.txt
writing entry points to ../../build/mediscara/mediscara.egg-info/entry_points.txt
writing requirements to ../../build/mediscara/mediscara.egg-info/requires.txt
writing top-level names to ../../build/mediscara/mediscara.egg-info/top_level.txt
writing manifest file '../../build/mediscara/mediscara.egg-info/SOURCES.txt'
reading manifest file '../../build/mediscara/mediscara.egg-info/SOURCES.txt'
writing manifest file '../../build/mediscara/mediscara.egg-info/SOURCES.txt'
running build
running build_py
creating /home/ppuska/mediscara_ws/build/mediscara/build
creating /home/ppuska/mediscara_ws/build/mediscara/build/lib
creating /home/ppuska/mediscara_ws/build/mediscara/build/lib/mediscara
copying mediscara/robot2_node.py -> /home/ppuska/mediscara_ws/build/mediscara/build/lib/mediscara
copying mediscara/marker_node.py -> /home/ppuska/mediscara_ws/build/mediscara/build/lib/mediscara
copying mediscara/robot1_node.py -> /home/ppuska/mediscara_ws/build/mediscara/build/lib/mediscara
copying mediscara/config.py -> /home/ppuska/mediscara_ws/build/mediscara/build/lib/mediscara
copying mediscara/hmi_collab_node.py -> /home/ppuska/mediscara_ws/build/mediscara/build/lib/mediscara
copying mediscara/__init__.py -> /home/ppuska/mediscara_ws/build/mediscara/build/lib/mediscara
creating /home/ppuska/mediscara_ws/build/mediscara/build/lib/launch
copying launch/__init__.py -> /home/ppuska/mediscara_ws/build/mediscara/build/lib/launch
copying launch/all.launch.py -> /home/ppuska/mediscara_ws/build/mediscara/build/lib/launch
creating /home/ppuska/mediscara_ws/build/mediscara/build/lib/mediscara/scripts
copying mediscara/scripts/utils.py -> /home/ppuska/mediscara_ws/build/mediscara/build/lib/mediscara/scripts
copying mediscara/scripts/sql.py -> /home/ppuska/mediscara_ws/build/mediscara/build/lib/mediscara/scripts
copying mediscara/scripts/ros_node.py -> /home/ppuska/mediscara_ws/build/mediscara/build/lib/mediscara/scripts
copying mediscara/scripts/logger.py -> /home/ppuska/mediscara_ws/build/mediscara/build/lib/mediscara/scripts
copying mediscara/scripts/serial_manager.py -> /home/ppuska/mediscara_ws/build/mediscara/build/lib/mediscara/scripts
copying mediscara/scripts/thread_manager.py -> /home/ppuska/mediscara_ws/build/mediscara/build/lib/mediscara/scripts
copying mediscara/scripts/SQLGui.py -> /home/ppuska/mediscara_ws/build/mediscara/build/lib/mediscara/scripts
copying mediscara/scripts/hmi.py -> /home/ppuska/mediscara_ws/build/mediscara/build/lib/mediscara/scripts
copying mediscara/scripts/socket_manager.py -> /home/ppuska/mediscara_ws/build/mediscara/build/lib/mediscara/scripts
copying mediscara/scripts/__init__.py -> /home/ppuska/mediscara_ws/build/mediscara/build/lib/mediscara/scripts
creating /home/ppuska/mediscara_ws/build/mediscara/build/lib/mediscara/scripts/widgets
copying mediscara/scripts/widgets/sql_gui_UI.py -> /home/ppuska/mediscara_ws/build/mediscara/build/lib/mediscara/scripts/widgets
copying mediscara/scripts/widgets/statusbar_widget_UI.py -> /home/ppuska/mediscara_ws/build/mediscara/build/lib/mediscara/scripts/widgets
copying mediscara/scripts/widgets/__init__.py -> /home/ppuska/mediscara_ws/build/mediscara/build/lib/mediscara/scripts/widgets
creating /home/ppuska/mediscara_ws/build/mediscara/build/lib/mediscara/scripts/widgets/layout
copying mediscara/scripts/widgets/layout/gui_UI.py -> /home/ppuska/mediscara_ws/build/mediscara/build/lib/mediscara/scripts/widgets/layout
copying mediscara/scripts/widgets/layout/collab_info_UI.py -> /home/ppuska/mediscara_ws/build/mediscara/build/lib/mediscara/scripts/widgets/layout
copying mediscara/scripts/widgets/layout/node_list_item_UI.py -> /home/ppuska/mediscara_ws/build/mediscara/build/lib/mediscara/scripts/widgets/layout
copying mediscara/scripts/widgets/layout/res_rc.py -> /home/ppuska/mediscara_ws/build/mediscara/build/lib/mediscara/scripts/widgets/layout
copying mediscara/scripts/widgets/layout/collab_control_UI.py -> /home/ppuska/mediscara_ws/build/mediscara/build/lib/mediscara/scripts/widgets/layout
copying mediscara/scripts/widgets/layout/error_list_item_UI.py -> /home/ppuska/mediscara_ws/build/mediscara/build/lib/mediscara/scripts/widgets/layout
copying mediscara/scripts/widgets/layout/__init__.py -> /home/ppuska/mediscara_ws/build/mediscara/build/lib/mediscara/scripts/widgets/layout
copying mediscara/scripts/widgets/layout/statusbar_UI.py -> /home/ppuska/mediscara_ws/build/mediscara/build/lib/mediscara/scripts/widgets/layout
running install
running install_lib
creating /home/ppuska/mediscara_ws/install/mediscara/lib/python3.8/site-packages/mediscara
copying /home/ppuska/mediscara_ws/build/mediscara/build/lib/mediscara/robot2_node.py -> /home/ppuska/mediscara_ws/install/mediscara/lib/python3.8/site-packages/mediscara
copying /home/ppuska/mediscara_ws/build/mediscara/build/lib/mediscara/marker_node.py -> /home/ppuska/mediscara_ws/install/mediscara/lib/python3.8/site-packages/mediscara
copying /home/ppuska/mediscara_ws/build/mediscara/build/lib/mediscara/robot1_node.py -> /home/ppuska/mediscara_ws/install/mediscara/lib/python3.8/site-packages/mediscara
creating /home/ppuska/mediscara_ws/install/mediscara/lib/python3.8/site-packages/mediscara/scripts
copying /home/ppuska/mediscara_ws/build/mediscara/build/lib/mediscara/scripts/utils.py -> /home/ppuska/mediscara_ws/install/mediscara/lib/python3.8/site-packages/mediscara/scripts
creating /home/ppuska/mediscara_ws/install/mediscara/lib/python3.8/site-packages/mediscara/scripts/widgets
creating /home/ppuska/mediscara_ws/install/mediscara/lib/python3.8/site-packages/mediscara/scripts/widgets/layout
copying /home/ppuska/mediscara_ws/build/mediscara/build/lib/mediscara/scripts/widgets/layout/gui_UI.py -> /home/ppuska/mediscara_ws/install/mediscara/lib/python3.8/site-packages/mediscara/scripts/widgets/layout
copying /home/ppuska/mediscara_ws/build/mediscara/build/lib/mediscara/scripts/widgets/layout/collab_info_UI.py -> /home/ppuska/mediscara_ws/install/mediscara/lib/python3.8/site-packages/mediscara/scripts/widgets/layout
copying /home/ppuska/mediscara_ws/build/mediscara/build/lib/mediscara/scripts/widgets/layout/node_list_item_UI.py -> /home/ppuska/mediscara_ws/install/mediscara/lib/python3.8/site-packages/mediscara/scripts/widgets/layout
copying /home/ppuska/mediscara_ws/build/mediscara/build/lib/mediscara/scripts/widgets/layout/res_rc.py -> /home/ppuska/mediscara_ws/install/mediscara/lib/python3.8/site-packages/mediscara/scripts/widgets/layout
copying /home/ppuska/mediscara_ws/build/mediscara/build/lib/mediscara/scripts/widgets/layout/collab_control_UI.py -> /home/ppuska/mediscara_ws/install/mediscara/lib/python3.8/site-packages/mediscara/scripts/widgets/layout
copying /home/ppuska/mediscara_ws/build/mediscara/build/lib/mediscara/scripts/widgets/layout/error_list_item_UI.py -> /home/ppuska/mediscara_ws/install/mediscara/lib/python3.8/site-packages/mediscara/scripts/widgets/layout
copying /home/ppuska/mediscara_ws/build/mediscara/build/lib/mediscara/scripts/widgets/layout/__init__.py -> /home/ppuska/mediscara_ws/install/mediscara/lib/python3.8/site-packages/mediscara/scripts/widgets/layout
copying /home/ppuska/mediscara_ws/build/mediscara/build/lib/mediscara/scripts/widgets/layout/statusbar_UI.py -> /home/ppuska/mediscara_ws/install/mediscara/lib/python3.8/site-packages/mediscara/scripts/widgets/layout
copying /home/ppuska/mediscara_ws/build/mediscara/build/lib/mediscara/scripts/widgets/sql_gui_UI.py -> /home/ppuska/mediscara_ws/install/mediscara/lib/python3.8/site-packages/mediscara/scripts/widgets
copying /home/ppuska/mediscara_ws/build/mediscara/build/lib/mediscara/scripts/widgets/statusbar_widget_UI.py -> /home/ppuska/mediscara_ws/install/mediscara/lib/python3.8/site-packages/mediscara/scripts/widgets
copying /home/ppuska/mediscara_ws/build/mediscara/build/lib/mediscara/scripts/widgets/__init__.py -> /home/ppuska/mediscara_ws/install/mediscara/lib/python3.8/site-packages/mediscara/scripts/widgets
copying /home/ppuska/mediscara_ws/build/mediscara/build/lib/mediscara/scripts/sql.py -> /home/ppuska/mediscara_ws/install/mediscara/lib/python3.8/site-packages/mediscara/scripts
copying /home/ppuska/mediscara_ws/build/mediscara/build/lib/mediscara/scripts/ros_node.py -> /home/ppuska/mediscara_ws/install/mediscara/lib/python3.8/site-packages/mediscara/scripts
copying /home/ppuska/mediscara_ws/build/mediscara/build/lib/mediscara/scripts/logger.py -> /home/ppuska/mediscara_ws/install/mediscara/lib/python3.8/site-packages/mediscara/scripts
copying /home/ppuska/mediscara_ws/build/mediscara/build/lib/mediscara/scripts/serial_manager.py -> /home/ppuska/mediscara_ws/install/mediscara/lib/python3.8/site-packages/mediscara/scripts
copying /home/ppuska/mediscara_ws/build/mediscara/build/lib/mediscara/scripts/thread_manager.py -> /home/ppuska/mediscara_ws/install/mediscara/lib/python3.8/site-packages/mediscara/scripts
copying /home/ppuska/mediscara_ws/build/mediscara/build/lib/mediscara/scripts/SQLGui.py -> /home/ppuska/mediscara_ws/install/mediscara/lib/python3.8/site-packages/mediscara/scripts
copying /home/ppuska/mediscara_ws/build/mediscara/build/lib/mediscara/scripts/hmi.py -> /home/ppuska/mediscara_ws/install/mediscara/lib/python3.8/site-packages/mediscara/scripts
copying /home/ppuska/mediscara_ws/build/mediscara/build/lib/mediscara/scripts/socket_manager.py -> /home/ppuska/mediscara_ws/install/mediscara/lib/python3.8/site-packages/mediscara/scripts
copying /home/ppuska/mediscara_ws/build/mediscara/build/lib/mediscara/scripts/__init__.py -> /home/ppuska/mediscara_ws/install/mediscara/lib/python3.8/site-packages/mediscara/scripts
copying /home/ppuska/mediscara_ws/build/mediscara/build/lib/mediscara/config.py -> /home/ppuska/mediscara_ws/install/mediscara/lib/python3.8/site-packages/mediscara
copying /home/ppuska/mediscara_ws/build/mediscara/build/lib/mediscara/hmi_collab_node.py -> /home/ppuska/mediscara_ws/install/mediscara/lib/python3.8/site-packages/mediscara
copying /home/ppuska/mediscara_ws/build/mediscara/build/lib/mediscara/__init__.py -> /home/ppuska/mediscara_ws/install/mediscara/lib/python3.8/site-packages/mediscara
creating /home/ppuska/mediscara_ws/install/mediscara/lib/python3.8/site-packages/launch
copying /home/ppuska/mediscara_ws/build/mediscara/build/lib/launch/__init__.py -> /home/ppuska/mediscara_ws/install/mediscara/lib/python3.8/site-packages/launch
copying /home/ppuska/mediscara_ws/build/mediscara/build/lib/launch/all.launch.py -> /home/ppuska/mediscara_ws/install/mediscara/lib/python3.8/site-packages/launch
byte-compiling /home/ppuska/mediscara_ws/install/mediscara/lib/python3.8/site-packages/mediscara/robot2_node.py to robot2_node.cpython-38.pyc
byte-compiling /home/ppuska/mediscara_ws/install/mediscara/lib/python3.8/site-packages/mediscara/marker_node.py to marker_node.cpython-38.pyc
byte-compiling /home/ppuska/mediscara_ws/install/mediscara/lib/python3.8/site-packages/mediscara/robot1_node.py to robot1_node.cpython-38.pyc
byte-compiling /home/ppuska/mediscara_ws/install/mediscara/lib/python3.8/site-packages/mediscara/scripts/utils.py to utils.cpython-38.pyc
byte-compiling /home/ppuska/mediscara_ws/install/mediscara/lib/python3.8/site-packages/mediscara/scripts/widgets/layout/gui_UI.py to gui_UI.cpython-38.pyc
byte-compiling /home/ppuska/mediscara_ws/install/mediscara/lib/python3.8/site-packages/mediscara/scripts/widgets/layout/collab_info_UI.py to collab_info_UI.cpython-38.pyc
byte-compiling /home/ppuska/mediscara_ws/install/mediscara/lib/python3.8/site-packages/mediscara/scripts/widgets/layout/node_list_item_UI.py to node_list_item_UI.cpython-38.pyc
byte-compiling /home/ppuska/mediscara_ws/install/mediscara/lib/python3.8/site-packages/mediscara/scripts/widgets/layout/res_rc.py to res_rc.cpython-38.pyc
byte-compiling /home/ppuska/mediscara_ws/install/mediscara/lib/python3.8/site-packages/mediscara/scripts/widgets/layout/collab_control_UI.py to collab_control_UI.cpython-38.pyc
byte-compiling /home/ppuska/mediscara_ws/install/mediscara/lib/python3.8/site-packages/mediscara/scripts/widgets/layout/error_list_item_UI.py to error_list_item_UI.cpython-38.pyc
byte-compiling /home/ppuska/mediscara_ws/install/mediscara/lib/python3.8/site-packages/mediscara/scripts/widgets/layout/__init__.py to __init__.cpython-38.pyc
byte-compiling /home/ppuska/mediscara_ws/install/mediscara/lib/python3.8/site-packages/mediscara/scripts/widgets/layout/statusbar_UI.py to statusbar_UI.cpython-38.pyc
byte-compiling /home/ppuska/mediscara_ws/install/mediscara/lib/python3.8/site-packages/mediscara/scripts/widgets/sql_gui_UI.py to sql_gui_UI.cpython-38.pyc
byte-compiling /home/ppuska/mediscara_ws/install/mediscara/lib/python3.8/site-packages/mediscara/scripts/widgets/statusbar_widget_UI.py to statusbar_widget_UI.cpython-38.pyc
byte-compiling /home/ppuska/mediscara_ws/install/mediscara/lib/python3.8/site-packages/mediscara/scripts/widgets/__init__.py to __init__.cpython-38.pyc
byte-compiling /home/ppuska/mediscara_ws/install/mediscara/lib/python3.8/site-packages/mediscara/scripts/sql.py to sql.cpython-38.pyc
byte-compiling /home/ppuska/mediscara_ws/install/mediscara/lib/python3.8/site-packages/mediscara/scripts/ros_node.py to ros_node.cpython-38.pyc
byte-compiling /home/ppuska/mediscara_ws/install/mediscara/lib/python3.8/site-packages/mediscara/scripts/logger.py to logger.cpython-38.pyc
byte-compiling /home/ppuska/mediscara_ws/install/mediscara/lib/python3.8/site-packages/mediscara/scripts/serial_manager.py to serial_manager.cpython-38.pyc
byte-compiling /home/ppuska/mediscara_ws/install/mediscara/lib/python3.8/site-packages/mediscara/scripts/thread_manager.py to thread_manager.cpython-38.pyc
byte-compiling /home/ppuska/mediscara_ws/install/mediscara/lib/python3.8/site-packages/mediscara/scripts/SQLGui.py to SQLGui.cpython-38.pyc
byte-compiling /home/ppuska/mediscara_ws/install/mediscara/lib/python3.8/site-packages/mediscara/scripts/hmi.py to hmi.cpython-38.pyc
byte-compiling /home/ppuska/mediscara_ws/install/mediscara/lib/python3.8/site-packages/mediscara/scripts/socket_manager.py to socket_manager.cpython-38.pyc
byte-compiling /home/ppuska/mediscara_ws/install/mediscara/lib/python3.8/site-packages/mediscara/scripts/__init__.py to __init__.cpython-38.pyc
byte-compiling /home/ppuska/mediscara_ws/install/mediscara/lib/python3.8/site-packages/mediscara/config.py to config.cpython-38.pyc
byte-compiling /home/ppuska/mediscara_ws/install/mediscara/lib/python3.8/site-packages/mediscara/hmi_collab_node.py to hmi_collab_node.cpython-38.pyc
byte-compiling /home/ppuska/mediscara_ws/install/mediscara/lib/python3.8/site-packages/mediscara/__init__.py to __init__.cpython-38.pyc
byte-compiling /home/ppuska/mediscara_ws/install/mediscara/lib/python3.8/site-packages/launch/__init__.py to __init__.cpython-38.pyc
byte-compiling /home/ppuska/mediscara_ws/install/mediscara/lib/python3.8/site-packages/launch/all.launch.py to all.launch.cpython-38.pyc
running install_data
creating /home/ppuska/mediscara_ws/install/mediscara/share/ament_index
creating /home/ppuska/mediscara_ws/install/mediscara/share/ament_index/resource_index
creating /home/ppuska/mediscara_ws/install/mediscara/share/ament_index/resource_index/packages
copying resource/mediscara -> /home/ppuska/mediscara_ws/install/mediscara/share/ament_index/resource_index/packages
copying package.xml -> /home/ppuska/mediscara_ws/install/mediscara/share/mediscara
copying launch/all.launch.py -> /home/ppuska/mediscara_ws/install/mediscara/share/mediscara
running install_egg_info
Copying ../../build/mediscara/mediscara.egg-info to /home/ppuska/mediscara_ws/install/mediscara/lib/python3.8/site-packages/mediscara-0.0.2-py3.8.egg-info
running install_scripts
Installing collab_node script to /home/ppuska/mediscara_ws/install/mediscara/lib/mediscara
Installing marker_node script to /home/ppuska/mediscara_ws/install/mediscara/lib/mediscara
Installing robot1_node script to /home/ppuska/mediscara_ws/install/mediscara/lib/mediscara
Installing robot2_node script to /home/ppuska/mediscara_ws/install/mediscara/lib/mediscara
writing list of installed files to '/home/ppuska/mediscara_ws/build/mediscara/install.log'
