[0.706s] Invoking command in '/home/ppuska/mediscara_ws/src/mediscara': PYTHONPATH=/home/ppuska/mediscara_ws/install/mediscara/lib/python3.8/site-packages:${PYTHONPATH} /usr/bin/python3 setup.py egg_info --egg-base ../../build/mediscara build --build-base /home/ppuska/mediscara_ws/build/mediscara/build install --prefix /home/ppuska/mediscara_ws/install/mediscara --record /home/ppuska/mediscara_ws/build/mediscara/install.log --single-version-externally-managed
[0.921s] running egg_info
[0.921s] creating ../../build/mediscara/mediscara.egg-info
[0.921s] writing ../../build/mediscara/mediscara.egg-info/PKG-INFO
[0.922s] writing dependency_links to ../../build/mediscara/mediscara.egg-info/dependency_links.txt
[0.922s] writing entry points to ../../build/mediscara/mediscara.egg-info/entry_points.txt
[0.922s] writing requirements to ../../build/mediscara/mediscara.egg-info/requires.txt
[0.922s] writing top-level names to ../../build/mediscara/mediscara.egg-info/top_level.txt
[0.927s] writing manifest file '../../build/mediscara/mediscara.egg-info/SOURCES.txt'
[0.965s] reading manifest file '../../build/mediscara/mediscara.egg-info/SOURCES.txt'
[0.966s] writing manifest file '../../build/mediscara/mediscara.egg-info/SOURCES.txt'
[0.966s] running build
[0.966s] running build_py
[0.967s] creating /home/ppuska/mediscara_ws/build/mediscara/build
[0.967s] creating /home/ppuska/mediscara_ws/build/mediscara/build/lib
[0.967s] creating /home/ppuska/mediscara_ws/build/mediscara/build/lib/mediscara
[0.968s] copying mediscara/robot2_node.py -> /home/ppuska/mediscara_ws/build/mediscara/build/lib/mediscara
[0.968s] copying mediscara/marker_node.py -> /home/ppuska/mediscara_ws/build/mediscara/build/lib/mediscara
[0.968s] copying mediscara/robot1_node.py -> /home/ppuska/mediscara_ws/build/mediscara/build/lib/mediscara
[0.968s] copying mediscara/config.py -> /home/ppuska/mediscara_ws/build/mediscara/build/lib/mediscara
[0.969s] copying mediscara/hmi_collab_node.py -> /home/ppuska/mediscara_ws/build/mediscara/build/lib/mediscara
[0.969s] copying mediscara/__init__.py -> /home/ppuska/mediscara_ws/build/mediscara/build/lib/mediscara
[0.970s] creating /home/ppuska/mediscara_ws/build/mediscara/build/lib/launch
[0.970s] copying launch/__init__.py -> /home/ppuska/mediscara_ws/build/mediscara/build/lib/launch
[0.970s] copying launch/all.launch.py -> /home/ppuska/mediscara_ws/build/mediscara/build/lib/launch
[0.970s] creating /home/ppuska/mediscara_ws/build/mediscara/build/lib/mediscara/scripts
[0.970s] copying mediscara/scripts/utils.py -> /home/ppuska/mediscara_ws/build/mediscara/build/lib/mediscara/scripts
[0.971s] copying mediscara/scripts/sql.py -> /home/ppuska/mediscara_ws/build/mediscara/build/lib/mediscara/scripts
[0.971s] copying mediscara/scripts/ros_node.py -> /home/ppuska/mediscara_ws/build/mediscara/build/lib/mediscara/scripts
[0.971s] copying mediscara/scripts/logger.py -> /home/ppuska/mediscara_ws/build/mediscara/build/lib/mediscara/scripts
[0.971s] copying mediscara/scripts/serial_manager.py -> /home/ppuska/mediscara_ws/build/mediscara/build/lib/mediscara/scripts
[0.971s] copying mediscara/scripts/thread_manager.py -> /home/ppuska/mediscara_ws/build/mediscara/build/lib/mediscara/scripts
[0.972s] copying mediscara/scripts/SQLGui.py -> /home/ppuska/mediscara_ws/build/mediscara/build/lib/mediscara/scripts
[0.972s] copying mediscara/scripts/hmi.py -> /home/ppuska/mediscara_ws/build/mediscara/build/lib/mediscara/scripts
[0.972s] copying mediscara/scripts/socket_manager.py -> /home/ppuska/mediscara_ws/build/mediscara/build/lib/mediscara/scripts
[0.972s] copying mediscara/scripts/__init__.py -> /home/ppuska/mediscara_ws/build/mediscara/build/lib/mediscara/scripts
[0.972s] creating /home/ppuska/mediscara_ws/build/mediscara/build/lib/mediscara/scripts/widgets
[0.973s] copying mediscara/scripts/widgets/sql_gui_UI.py -> /home/ppuska/mediscara_ws/build/mediscara/build/lib/mediscara/scripts/widgets
[0.973s] copying mediscara/scripts/widgets/statusbar_widget_UI.py -> /home/ppuska/mediscara_ws/build/mediscara/build/lib/mediscara/scripts/widgets
[0.973s] copying mediscara/scripts/widgets/__init__.py -> /home/ppuska/mediscara_ws/build/mediscara/build/lib/mediscara/scripts/widgets
[0.973s] creating /home/ppuska/mediscara_ws/build/mediscara/build/lib/mediscara/scripts/widgets/layout
[0.973s] copying mediscara/scripts/widgets/layout/gui_UI.py -> /home/ppuska/mediscara_ws/build/mediscara/build/lib/mediscara/scripts/widgets/layout
[0.973s] copying mediscara/scripts/widgets/layout/collab_info_UI.py -> /home/ppuska/mediscara_ws/build/mediscara/build/lib/mediscara/scripts/widgets/layout
[0.973s] copying mediscara/scripts/widgets/layout/node_list_item_UI.py -> /home/ppuska/mediscara_ws/build/mediscara/build/lib/mediscara/scripts/widgets/layout
[0.974s] copying mediscara/scripts/widgets/layout/res_rc.py -> /home/ppuska/mediscara_ws/build/mediscara/build/lib/mediscara/scripts/widgets/layout
[0.974s] copying mediscara/scripts/widgets/layout/collab_control_UI.py -> /home/ppuska/mediscara_ws/build/mediscara/build/lib/mediscara/scripts/widgets/layout
[0.974s] copying mediscara/scripts/widgets/layout/error_list_item_UI.py -> /home/ppuska/mediscara_ws/build/mediscara/build/lib/mediscara/scripts/widgets/layout
[0.974s] copying mediscara/scripts/widgets/layout/__init__.py -> /home/ppuska/mediscara_ws/build/mediscara/build/lib/mediscara/scripts/widgets/layout
[0.974s] copying mediscara/scripts/widgets/layout/statusbar_UI.py -> /home/ppuska/mediscara_ws/build/mediscara/build/lib/mediscara/scripts/widgets/layout
[0.974s] running install
[0.974s] running install_lib
[0.975s] creating /home/ppuska/mediscara_ws/install/mediscara/lib/python3.8/site-packages/mediscara
[0.975s] copying /home/ppuska/mediscara_ws/build/mediscara/build/lib/mediscara/robot2_node.py -> /home/ppuska/mediscara_ws/install/mediscara/lib/python3.8/site-packages/mediscara
[0.976s] copying /home/ppuska/mediscara_ws/build/mediscara/build/lib/mediscara/marker_node.py -> /home/ppuska/mediscara_ws/install/mediscara/lib/python3.8/site-packages/mediscara
[0.976s] copying /home/ppuska/mediscara_ws/build/mediscara/build/lib/mediscara/robot1_node.py -> /home/ppuska/mediscara_ws/install/mediscara/lib/python3.8/site-packages/mediscara
[0.976s] creating /home/ppuska/mediscara_ws/install/mediscara/lib/python3.8/site-packages/mediscara/scripts
[0.976s] copying /home/ppuska/mediscara_ws/build/mediscara/build/lib/mediscara/scripts/utils.py -> /home/ppuska/mediscara_ws/install/mediscara/lib/python3.8/site-packages/mediscara/scripts
[0.977s] creating /home/ppuska/mediscara_ws/install/mediscara/lib/python3.8/site-packages/mediscara/scripts/widgets
[0.977s] creating /home/ppuska/mediscara_ws/install/mediscara/lib/python3.8/site-packages/mediscara/scripts/widgets/layout
[0.977s] copying /home/ppuska/mediscara_ws/build/mediscara/build/lib/mediscara/scripts/widgets/layout/gui_UI.py -> /home/ppuska/mediscara_ws/install/mediscara/lib/python3.8/site-packages/mediscara/scripts/widgets/layout
[0.977s] copying /home/ppuska/mediscara_ws/build/mediscara/build/lib/mediscara/scripts/widgets/layout/collab_info_UI.py -> /home/ppuska/mediscara_ws/install/mediscara/lib/python3.8/site-packages/mediscara/scripts/widgets/layout
[0.978s] copying /home/ppuska/mediscara_ws/build/mediscara/build/lib/mediscara/scripts/widgets/layout/node_list_item_UI.py -> /home/ppuska/mediscara_ws/install/mediscara/lib/python3.8/site-packages/mediscara/scripts/widgets/layout
[0.978s] copying /home/ppuska/mediscara_ws/build/mediscara/build/lib/mediscara/scripts/widgets/layout/res_rc.py -> /home/ppuska/mediscara_ws/install/mediscara/lib/python3.8/site-packages/mediscara/scripts/widgets/layout
[0.978s] copying /home/ppuska/mediscara_ws/build/mediscara/build/lib/mediscara/scripts/widgets/layout/collab_control_UI.py -> /home/ppuska/mediscara_ws/install/mediscara/lib/python3.8/site-packages/mediscara/scripts/widgets/layout
[0.978s] copying /home/ppuska/mediscara_ws/build/mediscara/build/lib/mediscara/scripts/widgets/layout/error_list_item_UI.py -> /home/ppuska/mediscara_ws/install/mediscara/lib/python3.8/site-packages/mediscara/scripts/widgets/layout
[0.979s] copying /home/ppuska/mediscara_ws/build/mediscara/build/lib/mediscara/scripts/widgets/layout/__init__.py -> /home/ppuska/mediscara_ws/install/mediscara/lib/python3.8/site-packages/mediscara/scripts/widgets/layout
[0.979s] copying /home/ppuska/mediscara_ws/build/mediscara/build/lib/mediscara/scripts/widgets/layout/statusbar_UI.py -> /home/ppuska/mediscara_ws/install/mediscara/lib/python3.8/site-packages/mediscara/scripts/widgets/layout
[0.979s] copying /home/ppuska/mediscara_ws/build/mediscara/build/lib/mediscara/scripts/widgets/sql_gui_UI.py -> /home/ppuska/mediscara_ws/install/mediscara/lib/python3.8/site-packages/mediscara/scripts/widgets
[0.979s] copying /home/ppuska/mediscara_ws/build/mediscara/build/lib/mediscara/scripts/widgets/statusbar_widget_UI.py -> /home/ppuska/mediscara_ws/install/mediscara/lib/python3.8/site-packages/mediscara/scripts/widgets
[0.980s] copying /home/ppuska/mediscara_ws/build/mediscara/build/lib/mediscara/scripts/widgets/__init__.py -> /home/ppuska/mediscara_ws/install/mediscara/lib/python3.8/site-packages/mediscara/scripts/widgets
[0.980s] copying /home/ppuska/mediscara_ws/build/mediscara/build/lib/mediscara/scripts/sql.py -> /home/ppuska/mediscara_ws/install/mediscara/lib/python3.8/site-packages/mediscara/scripts
[0.980s] copying /home/ppuska/mediscara_ws/build/mediscara/build/lib/mediscara/scripts/ros_node.py -> /home/ppuska/mediscara_ws/install/mediscara/lib/python3.8/site-packages/mediscara/scripts
[0.980s] copying /home/ppuska/mediscara_ws/build/mediscara/build/lib/mediscara/scripts/logger.py -> /home/ppuska/mediscara_ws/install/mediscara/lib/python3.8/site-packages/mediscara/scripts
[0.980s] copying /home/ppuska/mediscara_ws/build/mediscara/build/lib/mediscara/scripts/serial_manager.py -> /home/ppuska/mediscara_ws/install/mediscara/lib/python3.8/site-packages/mediscara/scripts
[0.980s] copying /home/ppuska/mediscara_ws/build/mediscara/build/lib/mediscara/scripts/thread_manager.py -> /home/ppuska/mediscara_ws/install/mediscara/lib/python3.8/site-packages/mediscara/scripts
[0.980s] copying /home/ppuska/mediscara_ws/build/mediscara/build/lib/mediscara/scripts/SQLGui.py -> /home/ppuska/mediscara_ws/install/mediscara/lib/python3.8/site-packages/mediscara/scripts
[0.980s] copying /home/ppuska/mediscara_ws/build/mediscara/build/lib/mediscara/scripts/hmi.py -> /home/ppuska/mediscara_ws/install/mediscara/lib/python3.8/site-packages/mediscara/scripts
[0.980s] copying /home/ppuska/mediscara_ws/build/mediscara/build/lib/mediscara/scripts/socket_manager.py -> /home/ppuska/mediscara_ws/install/mediscara/lib/python3.8/site-packages/mediscara/scripts
[0.981s] copying /home/ppuska/mediscara_ws/build/mediscara/build/lib/mediscara/scripts/__init__.py -> /home/ppuska/mediscara_ws/install/mediscara/lib/python3.8/site-packages/mediscara/scripts
[0.981s] copying /home/ppuska/mediscara_ws/build/mediscara/build/lib/mediscara/config.py -> /home/ppuska/mediscara_ws/install/mediscara/lib/python3.8/site-packages/mediscara
[0.981s] copying /home/ppuska/mediscara_ws/build/mediscara/build/lib/mediscara/hmi_collab_node.py -> /home/ppuska/mediscara_ws/install/mediscara/lib/python3.8/site-packages/mediscara
[0.981s] copying /home/ppuska/mediscara_ws/build/mediscara/build/lib/mediscara/__init__.py -> /home/ppuska/mediscara_ws/install/mediscara/lib/python3.8/site-packages/mediscara
[0.981s] creating /home/ppuska/mediscara_ws/install/mediscara/lib/python3.8/site-packages/launch
[0.981s] copying /home/ppuska/mediscara_ws/build/mediscara/build/lib/launch/__init__.py -> /home/ppuska/mediscara_ws/install/mediscara/lib/python3.8/site-packages/launch
[0.981s] copying /home/ppuska/mediscara_ws/build/mediscara/build/lib/launch/all.launch.py -> /home/ppuska/mediscara_ws/install/mediscara/lib/python3.8/site-packages/launch
[0.982s] byte-compiling /home/ppuska/mediscara_ws/install/mediscara/lib/python3.8/site-packages/mediscara/robot2_node.py to robot2_node.cpython-38.pyc
[0.983s] byte-compiling /home/ppuska/mediscara_ws/install/mediscara/lib/python3.8/site-packages/mediscara/marker_node.py to marker_node.cpython-38.pyc
[0.984s] byte-compiling /home/ppuska/mediscara_ws/install/mediscara/lib/python3.8/site-packages/mediscara/robot1_node.py to robot1_node.cpython-38.pyc
[0.985s] byte-compiling /home/ppuska/mediscara_ws/install/mediscara/lib/python3.8/site-packages/mediscara/scripts/utils.py to utils.cpython-38.pyc
[0.985s] byte-compiling /home/ppuska/mediscara_ws/install/mediscara/lib/python3.8/site-packages/mediscara/scripts/widgets/layout/gui_UI.py to gui_UI.cpython-38.pyc
[0.987s] byte-compiling /home/ppuska/mediscara_ws/install/mediscara/lib/python3.8/site-packages/mediscara/scripts/widgets/layout/collab_info_UI.py to collab_info_UI.cpython-38.pyc
[0.989s] byte-compiling /home/ppuska/mediscara_ws/install/mediscara/lib/python3.8/site-packages/mediscara/scripts/widgets/layout/node_list_item_UI.py to node_list_item_UI.cpython-38.pyc
[0.989s] byte-compiling /home/ppuska/mediscara_ws/install/mediscara/lib/python3.8/site-packages/mediscara/scripts/widgets/layout/res_rc.py to res_rc.cpython-38.pyc
[0.990s] byte-compiling /home/ppuska/mediscara_ws/install/mediscara/lib/python3.8/site-packages/mediscara/scripts/widgets/layout/collab_control_UI.py to collab_control_UI.cpython-38.pyc
[0.992s] byte-compiling /home/ppuska/mediscara_ws/install/mediscara/lib/python3.8/site-packages/mediscara/scripts/widgets/layout/error_list_item_UI.py to error_list_item_UI.cpython-38.pyc
[0.992s] byte-compiling /home/ppuska/mediscara_ws/install/mediscara/lib/python3.8/site-packages/mediscara/scripts/widgets/layout/__init__.py to __init__.cpython-38.pyc
[0.992s] byte-compiling /home/ppuska/mediscara_ws/install/mediscara/lib/python3.8/site-packages/mediscara/scripts/widgets/layout/statusbar_UI.py to statusbar_UI.cpython-38.pyc
[0.993s] byte-compiling /home/ppuska/mediscara_ws/install/mediscara/lib/python3.8/site-packages/mediscara/scripts/widgets/sql_gui_UI.py to sql_gui_UI.cpython-38.pyc
[0.994s] byte-compiling /home/ppuska/mediscara_ws/install/mediscara/lib/python3.8/site-packages/mediscara/scripts/widgets/statusbar_widget_UI.py to statusbar_widget_UI.cpython-38.pyc
[0.995s] byte-compiling /home/ppuska/mediscara_ws/install/mediscara/lib/python3.8/site-packages/mediscara/scripts/widgets/__init__.py to __init__.cpython-38.pyc
[0.995s] byte-compiling /home/ppuska/mediscara_ws/install/mediscara/lib/python3.8/site-packages/mediscara/scripts/sql.py to sql.cpython-38.pyc
[0.998s] byte-compiling /home/ppuska/mediscara_ws/install/mediscara/lib/python3.8/site-packages/mediscara/scripts/ros_node.py to ros_node.cpython-38.pyc
[0.999s] byte-compiling /home/ppuska/mediscara_ws/install/mediscara/lib/python3.8/site-packages/mediscara/scripts/logger.py to logger.cpython-38.pyc
[1.000s] byte-compiling /home/ppuska/mediscara_ws/install/mediscara/lib/python3.8/site-packages/mediscara/scripts/serial_manager.py to serial_manager.cpython-38.pyc
[1.001s] byte-compiling /home/ppuska/mediscara_ws/install/mediscara/lib/python3.8/site-packages/mediscara/scripts/thread_manager.py to thread_manager.cpython-38.pyc
[1.001s] byte-compiling /home/ppuska/mediscara_ws/install/mediscara/lib/python3.8/site-packages/mediscara/scripts/SQLGui.py to SQLGui.cpython-38.pyc
[1.003s] byte-compiling /home/ppuska/mediscara_ws/install/mediscara/lib/python3.8/site-packages/mediscara/scripts/hmi.py to hmi.cpython-38.pyc
[1.005s] byte-compiling /home/ppuska/mediscara_ws/install/mediscara/lib/python3.8/site-packages/mediscara/scripts/socket_manager.py to socket_manager.cpython-38.pyc
[1.007s] byte-compiling /home/ppuska/mediscara_ws/install/mediscara/lib/python3.8/site-packages/mediscara/scripts/__init__.py to __init__.cpython-38.pyc
[1.007s] byte-compiling /home/ppuska/mediscara_ws/install/mediscara/lib/python3.8/site-packages/mediscara/config.py to config.cpython-38.pyc
[1.008s] byte-compiling /home/ppuska/mediscara_ws/install/mediscara/lib/python3.8/site-packages/mediscara/hmi_collab_node.py to hmi_collab_node.cpython-38.pyc
[1.010s] byte-compiling /home/ppuska/mediscara_ws/install/mediscara/lib/python3.8/site-packages/mediscara/__init__.py to __init__.cpython-38.pyc
[1.011s] byte-compiling /home/ppuska/mediscara_ws/install/mediscara/lib/python3.8/site-packages/launch/__init__.py to __init__.cpython-38.pyc
[1.011s] byte-compiling /home/ppuska/mediscara_ws/install/mediscara/lib/python3.8/site-packages/launch/all.launch.py to all.launch.cpython-38.pyc
[1.011s] running install_data
[1.012s] creating /home/ppuska/mediscara_ws/install/mediscara/share/ament_index
[1.012s] creating /home/ppuska/mediscara_ws/install/mediscara/share/ament_index/resource_index
[1.012s] creating /home/ppuska/mediscara_ws/install/mediscara/share/ament_index/resource_index/packages
[1.012s] copying resource/mediscara -> /home/ppuska/mediscara_ws/install/mediscara/share/ament_index/resource_index/packages
[1.013s] copying package.xml -> /home/ppuska/mediscara_ws/install/mediscara/share/mediscara
[1.013s] copying launch/all.launch.py -> /home/ppuska/mediscara_ws/install/mediscara/share/mediscara
[1.013s] running install_egg_info
[1.014s] Copying ../../build/mediscara/mediscara.egg-info to /home/ppuska/mediscara_ws/install/mediscara/lib/python3.8/site-packages/mediscara-0.0.2-py3.8.egg-info
[1.015s] running install_scripts
[1.034s] Installing collab_node script to /home/ppuska/mediscara_ws/install/mediscara/lib/mediscara
[1.034s] Installing marker_node script to /home/ppuska/mediscara_ws/install/mediscara/lib/mediscara
[1.034s] Installing robot1_node script to /home/ppuska/mediscara_ws/install/mediscara/lib/mediscara
[1.034s] Installing robot2_node script to /home/ppuska/mediscara_ws/install/mediscara/lib/mediscara
[1.035s] writing list of installed files to '/home/ppuska/mediscara_ws/build/mediscara/install.log'
[1.059s] Invoked command in '/home/ppuska/mediscara_ws/src/mediscara' returned '0': PYTHONPATH=/home/ppuska/mediscara_ws/install/mediscara/lib/python3.8/site-packages:${PYTHONPATH} /usr/bin/python3 setup.py egg_info --egg-base ../../build/mediscara build --build-base /home/ppuska/mediscara_ws/build/mediscara/build install --prefix /home/ppuska/mediscara_ws/install/mediscara --record /home/ppuska/mediscara_ws/build/mediscara/install.log --single-version-externally-managed
