-- The C compiler identification is GNU 9.3.0
-- The CXX compiler identification is GNU 9.3.0
-- Check for working C compiler: /usr/bin/cc
-- Check for working C compiler: /usr/bin/cc -- works
-- Detecting C compiler ABI info
-- Detecting C compiler ABI info - done
-- Detecting C compile features
-- Detecting C compile features - done
-- Check for working CXX compiler: /usr/bin/c++
-- Check for working CXX compiler: /usr/bin/c++ -- works
-- Detecting CXX compiler ABI info
-- Detecting CXX compiler ABI info - done
-- Detecting CXX compile features
-- Detecting CXX compile features - done
-- Found ament_cmake: 0.9.9 (/opt/ros/foxy/share/ament_cmake/cmake)
-- Found PythonInterp: /usr/bin/python3 (found suitable version "3.8.10", minimum required is "3") 
-- Using PYTHON_EXECUTABLE: /usr/bin/python3
-- Found rosidl_default_generators: 1.0.1 (/opt/ros/foxy/share/rosidl_default_generators/cmake)
-- Using all available rosidl_typesupport_c: rosidl_typesupport_fastrtps_c;rosidl_typesupport_introspection_c
-- Found rosidl_adapter: 1.2.1 (/opt/ros/foxy/share/rosidl_adapter/cmake)
-- Found OpenSSL: /usr/lib/x86_64-linux-gnu/libcrypto.so (found version "1.1.1f")  
-- Found FastRTPS: /opt/ros/foxy/include  
-- Using all available rosidl_typesupport_cpp: rosidl_typesupport_fastrtps_cpp;rosidl_typesupport_introspection_cpp
-- Found PythonInterp: /usr/bin/python3 (found version "3.8.10") 
-- Found ament_cmake_ros: 0.9.2 (/opt/ros/foxy/share/ament_cmake_ros/cmake)
-- Using all available rosidl_typesupport_c: rosidl_typesupport_fastrtps_c;rosidl_typesupport_introspection_c
-- Using all available rosidl_typesupport_cpp: rosidl_typesupport_fastrtps_cpp;rosidl_typesupport_introspection_cpp
-- Found PythonInterp: /usr/bin/python3 (found suitable version "3.8.10", minimum required is "3.5") 
-- Found python_cmake_module: 0.8.1 (/opt/ros/foxy/share/python_cmake_module/cmake)
-- Found PythonLibs: /usr/lib/x86_64-linux-gnu/libpython3.8.so (found suitable version "3.8.10", minimum required is "3.5") 
-- Using PYTHON_EXECUTABLE: /usr/bin/python3
-- Using PYTHON_INCLUDE_DIRS: /usr/include/python3.8
-- Using PYTHON_LIBRARIES: /usr/lib/x86_64-linux-gnu/libpython3.8.so
-- Found PythonExtra: .so  
-- Found ament_lint_auto: 0.9.6 (/opt/ros/foxy/share/ament_lint_auto/cmake)
-- Added test 'copyright' to check source files copyright and LICENSE
-- Added test 'lint_cmake' to check CMake code style
-- Added test 'xmllint' to check XML markup files
-- Configuring done
-- Generating done
-- Build files have been written to: /home/ppuska/mediscara_ws/build/interfaces
[  1%] [34m[1mGenerating C code for ROS interfaces[0m
[35m[1mScanning dependencies of target interfaces__cpp[0m
[  2%] [34m[1mGenerating C++ code for ROS interfaces[0m
[  2%] Built target interfaces__cpp
[  6%] [34m[1mGenerating C++ type support dispatch for ROS interfaces[0m
[  6%] [34m[1mGenerating C++ type support for eProsima Fast-RTPS[0m
[  6%] [34m[1mGenerating C++ introspection for ROS interfaces[0m
[35m[1mScanning dependencies of target interfaces__rosidl_generator_c[0m
[ 11%] [32mBuilding C object CMakeFiles/interfaces__rosidl_generator_c.dir/rosidl_generator_c/interfaces/msg/detail/kpic1__functions.c.o[0m
[ 11%] [32mBuilding C object CMakeFiles/interfaces__rosidl_generator_c.dir/rosidl_generator_c/interfaces/msg/detail/error__functions.c.o[0m
[ 11%] [32mBuilding C object CMakeFiles/interfaces__rosidl_generator_c.dir/rosidl_generator_c/interfaces/msg/detail/robot2_control__functions.c.o[0m
[ 12%] [32mBuilding C object CMakeFiles/interfaces__rosidl_generator_c.dir/rosidl_generator_c/interfaces/msg/detail/marker_status__functions.c.o[0m
[ 12%] [32mBuilding C object CMakeFiles/interfaces__rosidl_generator_c.dir/rosidl_generator_c/interfaces/msg/detail/kpic2__functions.c.o[0m
[ 13%] [32mBuilding C object CMakeFiles/interfaces__rosidl_generator_c.dir/rosidl_generator_c/interfaces/msg/detail/vision_control__functions.c.o[0m
[ 15%] [32mBuilding C object CMakeFiles/interfaces__rosidl_generator_c.dir/rosidl_generator_c/interfaces/msg/detail/robot2_status__functions.c.o[0m
[ 16%] [32m[1mLinking C shared library libinterfaces__rosidl_generator_c.so[0m
[ 16%] Built target interfaces__rosidl_generator_c
[ 17%] [34m[1mGenerating C type support dispatch for ROS interfaces[0m
[ 18%] [34m[1mGenerating C introspection for ROS interfaces[0m
[35m[1mScanning dependencies of target interfaces__rosidl_typesupport_cpp[0m
[ 22%] [32mBuilding CXX object CMakeFiles/interfaces__rosidl_typesupport_cpp.dir/rosidl_typesupport_cpp/interfaces/msg/error__type_support.cpp.o[0m
[ 22%] [32mBuilding CXX object CMakeFiles/interfaces__rosidl_typesupport_cpp.dir/rosidl_typesupport_cpp/interfaces/msg/kpic1__type_support.cpp.o[0m
[ 22%] [32mBuilding CXX object CMakeFiles/interfaces__rosidl_typesupport_cpp.dir/rosidl_typesupport_cpp/interfaces/msg/marker_status__type_support.cpp.o[0m
[ 24%] [32mBuilding CXX object CMakeFiles/interfaces__rosidl_typesupport_cpp.dir/rosidl_typesupport_cpp/interfaces/msg/kpic2__type_support.cpp.o[0m
[35m[1mScanning dependencies of target interfaces__rosidl_typesupport_introspection_cpp[0m
[ 25%] [32mBuilding CXX object CMakeFiles/interfaces__rosidl_typesupport_introspection_cpp.dir/rosidl_typesupport_introspection_cpp/interfaces/msg/detail/error__type_support.cpp.o[0m
[35m[1mScanning dependencies of target interfaces__rosidl_typesupport_fastrtps_cpp[0m
[ 26%] [32mBuilding CXX object CMakeFiles/interfaces__rosidl_typesupport_fastrtps_cpp.dir/rosidl_typesupport_fastrtps_cpp/interfaces/msg/detail/dds_fastrtps/error__type_support.cpp.o[0m
[35m[1mScanning dependencies of target interfaces__rosidl_typesupport_c[0m
[ 27%] [32mBuilding CXX object CMakeFiles/interfaces__rosidl_typesupport_c.dir/rosidl_typesupport_c/interfaces/msg/error__type_support.cpp.o[0m
[ 29%] [32mBuilding CXX object CMakeFiles/interfaces__rosidl_typesupport_c.dir/rosidl_typesupport_c/interfaces/msg/marker_status__type_support.cpp.o[0m
[ 31%] [32mBuilding CXX object CMakeFiles/interfaces__rosidl_typesupport_cpp.dir/rosidl_typesupport_cpp/interfaces/msg/robot2_control__type_support.cpp.o[0m
[ 31%] [32mBuilding CXX object CMakeFiles/interfaces__rosidl_typesupport_cpp.dir/rosidl_typesupport_cpp/interfaces/msg/robot2_status__type_support.cpp.o[0m
[ 32%] [32mBuilding CXX object CMakeFiles/interfaces__rosidl_typesupport_cpp.dir/rosidl_typesupport_cpp/interfaces/msg/vision_control__type_support.cpp.o[0m
[ 34%] [32mBuilding CXX object CMakeFiles/interfaces__rosidl_typesupport_c.dir/rosidl_typesupport_c/interfaces/msg/kpic1__type_support.cpp.o[0m
[ 35%] [32mBuilding CXX object CMakeFiles/interfaces__rosidl_typesupport_c.dir/rosidl_typesupport_c/interfaces/msg/kpic2__type_support.cpp.o[0m
[ 36%] [32mBuilding CXX object CMakeFiles/interfaces__rosidl_typesupport_c.dir/rosidl_typesupport_c/interfaces/msg/robot2_control__type_support.cpp.o[0m
[ 37%] [32mBuilding CXX object CMakeFiles/interfaces__rosidl_typesupport_c.dir/rosidl_typesupport_c/interfaces/msg/robot2_status__type_support.cpp.o[0m
[35m[1mScanning dependencies of target interfaces__rosidl_typesupport_introspection_c[0m
[ 40%] [32mBuilding CXX object CMakeFiles/interfaces__rosidl_typesupport_c.dir/rosidl_typesupport_c/interfaces/msg/vision_control__type_support.cpp.o[0m
[ 40%] [32mBuilding CXX object CMakeFiles/interfaces__rosidl_typesupport_fastrtps_cpp.dir/rosidl_typesupport_fastrtps_cpp/interfaces/msg/detail/dds_fastrtps/marker_status__type_support.cpp.o[0m
[ 41%] [32mBuilding CXX object CMakeFiles/interfaces__rosidl_typesupport_introspection_cpp.dir/rosidl_typesupport_introspection_cpp/interfaces/msg/detail/marker_status__type_support.cpp.o[0m
[ 43%] [32mBuilding C object CMakeFiles/interfaces__rosidl_typesupport_introspection_c.dir/rosidl_typesupport_introspection_c/interfaces/msg/detail/error__type_support.c.o[0m
[ 44%] [32m[1mLinking CXX shared library libinterfaces__rosidl_typesupport_c.so[0m
[ 45%] [32mBuilding C object CMakeFiles/interfaces__rosidl_typesupport_introspection_c.dir/rosidl_typesupport_introspection_c/interfaces/msg/detail/marker_status__type_support.c.o[0m
[ 46%] [32mBuilding C object CMakeFiles/interfaces__rosidl_typesupport_introspection_c.dir/rosidl_typesupport_introspection_c/interfaces/msg/detail/kpic1__type_support.c.o[0m
[ 48%] [32mBuilding C object CMakeFiles/interfaces__rosidl_typesupport_introspection_c.dir/rosidl_typesupport_introspection_c/interfaces/msg/detail/kpic2__type_support.c.o[0m
[ 49%] [32mBuilding C object CMakeFiles/interfaces__rosidl_typesupport_introspection_c.dir/rosidl_typesupport_introspection_c/interfaces/msg/detail/robot2_control__type_support.c.o[0m
[ 49%] Built target interfaces__rosidl_typesupport_c
[ 50%] [32mBuilding C object CMakeFiles/interfaces__rosidl_typesupport_introspection_c.dir/rosidl_typesupport_introspection_c/interfaces/msg/detail/robot2_status__type_support.c.o[0m
[ 51%] [32mBuilding C object CMakeFiles/interfaces__rosidl_typesupport_introspection_c.dir/rosidl_typesupport_introspection_c/interfaces/msg/detail/vision_control__type_support.c.o[0m
[ 53%] [32mBuilding CXX object CMakeFiles/interfaces__rosidl_typesupport_introspection_cpp.dir/rosidl_typesupport_introspection_cpp/interfaces/msg/detail/kpic1__type_support.cpp.o[0m
[ 54%] [32m[1mLinking C shared library libinterfaces__rosidl_typesupport_introspection_c.so[0m
[ 55%] [32mBuilding CXX object CMakeFiles/interfaces__rosidl_typesupport_introspection_cpp.dir/rosidl_typesupport_introspection_cpp/interfaces/msg/detail/kpic2__type_support.cpp.o[0m
[ 56%] [32mBuilding CXX object CMakeFiles/interfaces__rosidl_typesupport_introspection_cpp.dir/rosidl_typesupport_introspection_cpp/interfaces/msg/detail/robot2_control__type_support.cpp.o[0m
[ 58%] [32m[1mLinking CXX shared library libinterfaces__rosidl_typesupport_cpp.so[0m
[ 59%] [32mBuilding CXX object CMakeFiles/interfaces__rosidl_typesupport_fastrtps_cpp.dir/rosidl_typesupport_fastrtps_cpp/interfaces/msg/detail/dds_fastrtps/kpic1__type_support.cpp.o[0m
[ 60%] [32mBuilding CXX object CMakeFiles/interfaces__rosidl_typesupport_introspection_cpp.dir/rosidl_typesupport_introspection_cpp/interfaces/msg/detail/robot2_status__type_support.cpp.o[0m
[ 60%] Built target interfaces__rosidl_typesupport_introspection_c
[ 62%] [32mBuilding CXX object CMakeFiles/interfaces__rosidl_typesupport_introspection_cpp.dir/rosidl_typesupport_introspection_cpp/interfaces/msg/detail/vision_control__type_support.cpp.o[0m
[ 62%] Built target interfaces__rosidl_typesupport_cpp
[ 63%] [32mBuilding CXX object CMakeFiles/interfaces__rosidl_typesupport_fastrtps_cpp.dir/rosidl_typesupport_fastrtps_cpp/interfaces/msg/detail/dds_fastrtps/kpic2__type_support.cpp.o[0m
[ 64%] [32mBuilding CXX object CMakeFiles/interfaces__rosidl_typesupport_fastrtps_cpp.dir/rosidl_typesupport_fastrtps_cpp/interfaces/msg/detail/dds_fastrtps/robot2_control__type_support.cpp.o[0m
[ 65%] [32mBuilding CXX object CMakeFiles/interfaces__rosidl_typesupport_fastrtps_cpp.dir/rosidl_typesupport_fastrtps_cpp/interfaces/msg/detail/dds_fastrtps/robot2_status__type_support.cpp.o[0m
[ 67%] [32mBuilding CXX object CMakeFiles/interfaces__rosidl_typesupport_fastrtps_cpp.dir/rosidl_typesupport_fastrtps_cpp/interfaces/msg/detail/dds_fastrtps/vision_control__type_support.cpp.o[0m
[ 68%] [32m[1mLinking CXX shared library libinterfaces__rosidl_typesupport_introspection_cpp.so[0m
[ 68%] Built target interfaces__rosidl_typesupport_introspection_cpp
[ 69%] [32m[1mLinking CXX shared library libinterfaces__rosidl_typesupport_fastrtps_cpp.so[0m
[ 69%] Built target interfaces__rosidl_typesupport_fastrtps_cpp
[ 70%] [34m[1mGenerating C type support for eProsima Fast-RTPS[0m
[35m[1mScanning dependencies of target interfaces__rosidl_typesupport_fastrtps_c[0m
[ 72%] [32mBuilding CXX object CMakeFiles/interfaces__rosidl_typesupport_fastrtps_c.dir/rosidl_typesupport_fastrtps_c/interfaces/msg/detail/marker_status__type_support_c.cpp.o[0m
[ 73%] [32mBuilding CXX object CMakeFiles/interfaces__rosidl_typesupport_fastrtps_c.dir/rosidl_typesupport_fastrtps_c/interfaces/msg/detail/kpic2__type_support_c.cpp.o[0m
[ 74%] [32mBuilding CXX object CMakeFiles/interfaces__rosidl_typesupport_fastrtps_c.dir/rosidl_typesupport_fastrtps_c/interfaces/msg/detail/kpic1__type_support_c.cpp.o[0m
[ 77%] [32mBuilding CXX object CMakeFiles/interfaces__rosidl_typesupport_fastrtps_c.dir/rosidl_typesupport_fastrtps_c/interfaces/msg/detail/error__type_support_c.cpp.o[0m
[ 77%] [32mBuilding CXX object CMakeFiles/interfaces__rosidl_typesupport_fastrtps_c.dir/rosidl_typesupport_fastrtps_c/interfaces/msg/detail/robot2_status__type_support_c.cpp.o[0m
[ 78%] [32mBuilding CXX object CMakeFiles/interfaces__rosidl_typesupport_fastrtps_c.dir/rosidl_typesupport_fastrtps_c/interfaces/msg/detail/robot2_control__type_support_c.cpp.o[0m
[ 79%] [32mBuilding CXX object CMakeFiles/interfaces__rosidl_typesupport_fastrtps_c.dir/rosidl_typesupport_fastrtps_c/interfaces/msg/detail/vision_control__type_support_c.cpp.o[0m
[ 81%] [32m[1mLinking CXX shared library libinterfaces__rosidl_typesupport_fastrtps_c.so[0m
[ 81%] Built target interfaces__rosidl_typesupport_fastrtps_c
[35m[1mScanning dependencies of target interfaces[0m
[ 81%] Built target interfaces
[35m[1mScanning dependencies of target interfaces__py[0m
[ 82%] [34m[1mGenerating Python code for ROS interfaces[0m
[ 82%] Built target interfaces__py
[35m[1mScanning dependencies of target interfaces__python[0m
[ 83%] [32mBuilding C object CMakeFiles/interfaces__python.dir/rosidl_generator_py/interfaces/msg/_marker_status_s.c.o[0m
[ 86%] [32mBuilding C object CMakeFiles/interfaces__python.dir/rosidl_generator_py/interfaces/msg/_kpic1_s.c.o[0m
[ 86%] [32mBuilding C object CMakeFiles/interfaces__python.dir/rosidl_generator_py/interfaces/msg/_robot2_status_s.c.o[0m
[ 87%] [32mBuilding C object CMakeFiles/interfaces__python.dir/rosidl_generator_py/interfaces/msg/_error_s.c.o[0m
[ 89%] [32mBuilding C object CMakeFiles/interfaces__python.dir/rosidl_generator_py/interfaces/msg/_robot2_control_s.c.o[0m
[ 89%] [32mBuilding C object CMakeFiles/interfaces__python.dir/rosidl_generator_py/interfaces/msg/_kpic2_s.c.o[0m
[ 91%] [32mBuilding C object CMakeFiles/interfaces__python.dir/rosidl_generator_py/interfaces/msg/_vision_control_s.c.o[0m
[ 92%] [32m[1mLinking C shared library rosidl_generator_py/interfaces/libinterfaces__python.so[0m
[ 92%] Built target interfaces__python
[35m[1mScanning dependencies of target interfaces__rosidl_typesupport_introspection_c__pyext[0m
[35m[1mScanning dependencies of target interfaces__rosidl_typesupport_fastrtps_c__pyext[0m
[35m[1mScanning dependencies of target interfaces__rosidl_typesupport_c__pyext[0m
[ 96%] [32mBuilding C object CMakeFiles/interfaces__rosidl_typesupport_introspection_c__pyext.dir/rosidl_generator_py/interfaces/_interfaces_s.ep.rosidl_typesupport_introspection_c.c.o[0m
[ 96%] [32mBuilding C object CMakeFiles/interfaces__rosidl_typesupport_c__pyext.dir/rosidl_generator_py/interfaces/_interfaces_s.ep.rosidl_typesupport_c.c.o[0m
[ 96%] [32mBuilding C object CMakeFiles/interfaces__rosidl_typesupport_fastrtps_c__pyext.dir/rosidl_generator_py/interfaces/_interfaces_s.ep.rosidl_typesupport_fastrtps_c.c.o[0m
[ 97%] [32m[1mLinking C shared library rosidl_generator_py/interfaces/interfaces_s__rosidl_typesupport_introspection_c.cpython-38-x86_64-linux-gnu.so[0m
[ 98%] [32m[1mLinking C shared library rosidl_generator_py/interfaces/interfaces_s__rosidl_typesupport_c.cpython-38-x86_64-linux-gnu.so[0m
[100%] [32m[1mLinking CXX shared library rosidl_generator_py/interfaces/interfaces_s__rosidl_typesupport_fastrtps_c.cpython-38-x86_64-linux-gnu.so[0m
[100%] Built target interfaces__rosidl_typesupport_introspection_c__pyext
[100%] Built target interfaces__rosidl_typesupport_c__pyext
[100%] Built target interfaces__rosidl_typesupport_fastrtps_c__pyext
-- Install configuration: ""
-- Installing: /home/ppuska/mediscara_ws/install/interfaces/share/ament_index/resource_index/rosidl_interfaces/interfaces
-- Installing: /home/ppuska/mediscara_ws/install/interfaces/include/interfaces
-- Installing: /home/ppuska/mediscara_ws/install/interfaces/include/interfaces/msg
-- Installing: /home/ppuska/mediscara_ws/install/interfaces/include/interfaces/msg/error.h
-- Installing: /home/ppuska/mediscara_ws/install/interfaces/include/interfaces/msg/kpic2.h
-- Installing: /home/ppuska/mediscara_ws/install/interfaces/include/interfaces/msg/vision_control.h
-- Installing: /home/ppuska/mediscara_ws/install/interfaces/include/interfaces/msg/marker_status.h
-- Installing: /home/ppuska/mediscara_ws/install/interfaces/include/interfaces/msg/robot2_status.h
-- Installing: /home/ppuska/mediscara_ws/install/interfaces/include/interfaces/msg/kpic1.h
-- Installing: /home/ppuska/mediscara_ws/install/interfaces/include/interfaces/msg/robot2_control.h
-- Installing: /home/ppuska/mediscara_ws/install/interfaces/include/interfaces/msg/rosidl_generator_c__visibility_control.h
-- Installing: /home/ppuska/mediscara_ws/install/interfaces/include/interfaces/msg/detail
-- Installing: /home/ppuska/mediscara_ws/install/interfaces/include/interfaces/msg/detail/kpic1__functions.h
-- Installing: /home/ppuska/mediscara_ws/install/interfaces/include/interfaces/msg/detail/kpic1__functions.c
-- Installing: /home/ppuska/mediscara_ws/install/interfaces/include/interfaces/msg/detail/vision_control__type_support.h
-- Installing: /home/ppuska/mediscara_ws/install/interfaces/include/interfaces/msg/detail/marker_status__functions.c
-- Installing: /home/ppuska/mediscara_ws/install/interfaces/include/interfaces/msg/detail/vision_control__functions.c
-- Installing: /home/ppuska/mediscara_ws/install/interfaces/include/interfaces/msg/detail/robot2_control__struct.h
-- Installing: /home/ppuska/mediscara_ws/install/interfaces/include/interfaces/msg/detail/robot2_control__type_support.h
-- Installing: /home/ppuska/mediscara_ws/install/interfaces/include/interfaces/msg/detail/kpic2__type_support.h
-- Installing: /home/ppuska/mediscara_ws/install/interfaces/include/interfaces/msg/detail/robot2_control__functions.c
-- Installing: /home/ppuska/mediscara_ws/install/interfaces/include/interfaces/msg/detail/kpic2__struct.h
-- Installing: /home/ppuska/mediscara_ws/install/interfaces/include/interfaces/msg/detail/robot2_status__functions.h
-- Installing: /home/ppuska/mediscara_ws/install/interfaces/include/interfaces/msg/detail/robot2_status__functions.c
-- Installing: /home/ppuska/mediscara_ws/install/interfaces/include/interfaces/msg/detail/kpic2__functions.h
-- Installing: /home/ppuska/mediscara_ws/install/interfaces/include/interfaces/msg/detail/kpic1__struct.h
-- Installing: /home/ppuska/mediscara_ws/install/interfaces/include/interfaces/msg/detail/error__functions.c
-- Installing: /home/ppuska/mediscara_ws/install/interfaces/include/interfaces/msg/detail/vision_control__functions.h
-- Installing: /home/ppuska/mediscara_ws/install/interfaces/include/interfaces/msg/detail/robot2_status__type_support.h
-- Installing: /home/ppuska/mediscara_ws/install/interfaces/include/interfaces/msg/detail/error__type_support.h
-- Installing: /home/ppuska/mediscara_ws/install/interfaces/include/interfaces/msg/detail/robot2_control__functions.h
-- Installing: /home/ppuska/mediscara_ws/install/interfaces/include/interfaces/msg/detail/marker_status__struct.h
-- Installing: /home/ppuska/mediscara_ws/install/interfaces/include/interfaces/msg/detail/robot2_status__struct.h
-- Installing: /home/ppuska/mediscara_ws/install/interfaces/include/interfaces/msg/detail/marker_status__type_support.h
-- Installing: /home/ppuska/mediscara_ws/install/interfaces/include/interfaces/msg/detail/error__functions.h
-- Installing: /home/ppuska/mediscara_ws/install/interfaces/include/interfaces/msg/detail/error__struct.h
-- Installing: /home/ppuska/mediscara_ws/install/interfaces/include/interfaces/msg/detail/vision_control__struct.h
-- Installing: /home/ppuska/mediscara_ws/install/interfaces/include/interfaces/msg/detail/kpic1__type_support.h
-- Installing: /home/ppuska/mediscara_ws/install/interfaces/include/interfaces/msg/detail/kpic2__functions.c
-- Installing: /home/ppuska/mediscara_ws/install/interfaces/include/interfaces/msg/detail/marker_status__functions.h
-- Installing: /home/ppuska/mediscara_ws/install/interfaces/share/interfaces/environment/library_path.sh
-- Installing: /home/ppuska/mediscara_ws/install/interfaces/share/interfaces/environment/library_path.dsv
-- Installing: /home/ppuska/mediscara_ws/install/interfaces/lib/libinterfaces__rosidl_generator_c.so
-- Set runtime path of "/home/ppuska/mediscara_ws/install/interfaces/lib/libinterfaces__rosidl_generator_c.so" to ""
-- Up-to-date: /home/ppuska/mediscara_ws/install/interfaces/include/interfaces
-- Up-to-date: /home/ppuska/mediscara_ws/install/interfaces/include/interfaces/msg
-- Installing: /home/ppuska/mediscara_ws/install/interfaces/include/interfaces/msg/rosidl_typesupport_fastrtps_c__visibility_control.h
-- Up-to-date: /home/ppuska/mediscara_ws/install/interfaces/include/interfaces/msg/detail
-- Installing: /home/ppuska/mediscara_ws/install/interfaces/include/interfaces/msg/detail/vision_control__rosidl_typesupport_fastrtps_c.h
-- Installing: /home/ppuska/mediscara_ws/install/interfaces/include/interfaces/msg/detail/robot2_status__rosidl_typesupport_fastrtps_c.h
-- Installing: /home/ppuska/mediscara_ws/install/interfaces/include/interfaces/msg/detail/marker_status__rosidl_typesupport_fastrtps_c.h
-- Installing: /home/ppuska/mediscara_ws/install/interfaces/include/interfaces/msg/detail/kpic1__rosidl_typesupport_fastrtps_c.h
-- Installing: /home/ppuska/mediscara_ws/install/interfaces/include/interfaces/msg/detail/robot2_control__rosidl_typesupport_fastrtps_c.h
-- Installing: /home/ppuska/mediscara_ws/install/interfaces/include/interfaces/msg/detail/error__rosidl_typesupport_fastrtps_c.h
-- Installing: /home/ppuska/mediscara_ws/install/interfaces/include/interfaces/msg/detail/kpic2__rosidl_typesupport_fastrtps_c.h
-- Installing: /home/ppuska/mediscara_ws/install/interfaces/lib/libinterfaces__rosidl_typesupport_fastrtps_c.so
-- Set runtime path of "/home/ppuska/mediscara_ws/install/interfaces/lib/libinterfaces__rosidl_typesupport_fastrtps_c.so" to ""
-- Up-to-date: /home/ppuska/mediscara_ws/install/interfaces/include/interfaces
-- Up-to-date: /home/ppuska/mediscara_ws/install/interfaces/include/interfaces/msg
-- Installing: /home/ppuska/mediscara_ws/install/interfaces/include/interfaces/msg/rosidl_typesupport_fastrtps_cpp__visibility_control.h
-- Up-to-date: /home/ppuska/mediscara_ws/install/interfaces/include/interfaces/msg/detail
-- Installing: /home/ppuska/mediscara_ws/install/interfaces/include/interfaces/msg/detail/kpic1__rosidl_typesupport_fastrtps_cpp.hpp
-- Installing: /home/ppuska/mediscara_ws/install/interfaces/include/interfaces/msg/detail/marker_status__rosidl_typesupport_fastrtps_cpp.hpp
-- Installing: /home/ppuska/mediscara_ws/install/interfaces/include/interfaces/msg/detail/error__rosidl_typesupport_fastrtps_cpp.hpp
-- Installing: /home/ppuska/mediscara_ws/install/interfaces/include/interfaces/msg/detail/dds_fastrtps
-- Installing: /home/ppuska/mediscara_ws/install/interfaces/include/interfaces/msg/detail/robot2_control__rosidl_typesupport_fastrtps_cpp.hpp
-- Installing: /home/ppuska/mediscara_ws/install/interfaces/include/interfaces/msg/detail/vision_control__rosidl_typesupport_fastrtps_cpp.hpp
-- Installing: /home/ppuska/mediscara_ws/install/interfaces/include/interfaces/msg/detail/robot2_status__rosidl_typesupport_fastrtps_cpp.hpp
-- Installing: /home/ppuska/mediscara_ws/install/interfaces/include/interfaces/msg/detail/kpic2__rosidl_typesupport_fastrtps_cpp.hpp
-- Installing: /home/ppuska/mediscara_ws/install/interfaces/lib/libinterfaces__rosidl_typesupport_fastrtps_cpp.so
-- Set runtime path of "/home/ppuska/mediscara_ws/install/interfaces/lib/libinterfaces__rosidl_typesupport_fastrtps_cpp.so" to ""
-- Up-to-date: /home/ppuska/mediscara_ws/install/interfaces/include/interfaces
-- Up-to-date: /home/ppuska/mediscara_ws/install/interfaces/include/interfaces/msg
-- Installing: /home/ppuska/mediscara_ws/install/interfaces/include/interfaces/msg/rosidl_typesupport_introspection_c__visibility_control.h
-- Up-to-date: /home/ppuska/mediscara_ws/install/interfaces/include/interfaces/msg/detail
-- Installing: /home/ppuska/mediscara_ws/install/interfaces/include/interfaces/msg/detail/error__rosidl_typesupport_introspection_c.h
-- Installing: /home/ppuska/mediscara_ws/install/interfaces/include/interfaces/msg/detail/kpic1__type_support.c
-- Installing: /home/ppuska/mediscara_ws/install/interfaces/include/interfaces/msg/detail/vision_control__type_support.c
-- Installing: /home/ppuska/mediscara_ws/install/interfaces/include/interfaces/msg/detail/robot2_control__rosidl_typesupport_introspection_c.h
-- Installing: /home/ppuska/mediscara_ws/install/interfaces/include/interfaces/msg/detail/robot2_status__type_support.c
-- Installing: /home/ppuska/mediscara_ws/install/interfaces/include/interfaces/msg/detail/kpic2__rosidl_typesupport_introspection_c.h
-- Installing: /home/ppuska/mediscara_ws/install/interfaces/include/interfaces/msg/detail/kpic2__type_support.c
-- Installing: /home/ppuska/mediscara_ws/install/interfaces/include/interfaces/msg/detail/kpic1__rosidl_typesupport_introspection_c.h
-- Installing: /home/ppuska/mediscara_ws/install/interfaces/include/interfaces/msg/detail/vision_control__rosidl_typesupport_introspection_c.h
-- Installing: /home/ppuska/mediscara_ws/install/interfaces/include/interfaces/msg/detail/marker_status__type_support.c
-- Installing: /home/ppuska/mediscara_ws/install/interfaces/include/interfaces/msg/detail/error__type_support.c
-- Installing: /home/ppuska/mediscara_ws/install/interfaces/include/interfaces/msg/detail/robot2_status__rosidl_typesupport_introspection_c.h
-- Installing: /home/ppuska/mediscara_ws/install/interfaces/include/interfaces/msg/detail/marker_status__rosidl_typesupport_introspection_c.h
-- Installing: /home/ppuska/mediscara_ws/install/interfaces/include/interfaces/msg/detail/robot2_control__type_support.c
-- Installing: /home/ppuska/mediscara_ws/install/interfaces/lib/libinterfaces__rosidl_typesupport_introspection_c.so
-- Set runtime path of "/home/ppuska/mediscara_ws/install/interfaces/lib/libinterfaces__rosidl_typesupport_introspection_c.so" to ""
-- Installing: /home/ppuska/mediscara_ws/install/interfaces/lib/libinterfaces__rosidl_typesupport_c.so
-- Set runtime path of "/home/ppuska/mediscara_ws/install/interfaces/lib/libinterfaces__rosidl_typesupport_c.so" to ""
-- Up-to-date: /home/ppuska/mediscara_ws/install/interfaces/include/interfaces
-- Up-to-date: /home/ppuska/mediscara_ws/install/interfaces/include/interfaces/msg
-- Installing: /home/ppuska/mediscara_ws/install/interfaces/include/interfaces/msg/robot2_control.hpp
-- Installing: /home/ppuska/mediscara_ws/install/interfaces/include/interfaces/msg/kpic2.hpp
-- Installing: /home/ppuska/mediscara_ws/install/interfaces/include/interfaces/msg/kpic1.hpp
-- Installing: /home/ppuska/mediscara_ws/install/interfaces/include/interfaces/msg/error.hpp
-- Installing: /home/ppuska/mediscara_ws/install/interfaces/include/interfaces/msg/robot2_status.hpp
-- Installing: /home/ppuska/mediscara_ws/install/interfaces/include/interfaces/msg/vision_control.hpp
-- Installing: /home/ppuska/mediscara_ws/install/interfaces/include/interfaces/msg/marker_status.hpp
-- Up-to-date: /home/ppuska/mediscara_ws/install/interfaces/include/interfaces/msg/detail
-- Installing: /home/ppuska/mediscara_ws/install/interfaces/include/interfaces/msg/detail/robot2_status__struct.hpp
-- Installing: /home/ppuska/mediscara_ws/install/interfaces/include/interfaces/msg/detail/marker_status__traits.hpp
-- Installing: /home/ppuska/mediscara_ws/install/interfaces/include/interfaces/msg/detail/error__builder.hpp
-- Installing: /home/ppuska/mediscara_ws/install/interfaces/include/interfaces/msg/detail/vision_control__traits.hpp
-- Installing: /home/ppuska/mediscara_ws/install/interfaces/include/interfaces/msg/detail/robot2_control__struct.hpp
-- Installing: /home/ppuska/mediscara_ws/install/interfaces/include/interfaces/msg/detail/kpic2__struct.hpp
-- Installing: /home/ppuska/mediscara_ws/install/interfaces/include/interfaces/msg/detail/kpic1__traits.hpp
-- Installing: /home/ppuska/mediscara_ws/install/interfaces/include/interfaces/msg/detail/kpic2__traits.hpp
-- Installing: /home/ppuska/mediscara_ws/install/interfaces/include/interfaces/msg/detail/robot2_status__builder.hpp
-- Installing: /home/ppuska/mediscara_ws/install/interfaces/include/interfaces/msg/detail/error__traits.hpp
-- Installing: /home/ppuska/mediscara_ws/install/interfaces/include/interfaces/msg/detail/marker_status__struct.hpp
-- Installing: /home/ppuska/mediscara_ws/install/interfaces/include/interfaces/msg/detail/kpic1__struct.hpp
-- Installing: /home/ppuska/mediscara_ws/install/interfaces/include/interfaces/msg/detail/error__struct.hpp
-- Installing: /home/ppuska/mediscara_ws/install/interfaces/include/interfaces/msg/detail/robot2_control__traits.hpp
-- Installing: /home/ppuska/mediscara_ws/install/interfaces/include/interfaces/msg/detail/marker_status__builder.hpp
-- Installing: /home/ppuska/mediscara_ws/install/interfaces/include/interfaces/msg/detail/robot2_status__traits.hpp
-- Installing: /home/ppuska/mediscara_ws/install/interfaces/include/interfaces/msg/detail/kpic1__builder.hpp
-- Installing: /home/ppuska/mediscara_ws/install/interfaces/include/interfaces/msg/detail/vision_control__builder.hpp
-- Installing: /home/ppuska/mediscara_ws/install/interfaces/include/interfaces/msg/detail/vision_control__struct.hpp
-- Installing: /home/ppuska/mediscara_ws/install/interfaces/include/interfaces/msg/detail/kpic2__builder.hpp
-- Installing: /home/ppuska/mediscara_ws/install/interfaces/include/interfaces/msg/detail/robot2_control__builder.hpp
-- Up-to-date: /home/ppuska/mediscara_ws/install/interfaces/include/interfaces
-- Up-to-date: /home/ppuska/mediscara_ws/install/interfaces/include/interfaces/msg
-- Up-to-date: /home/ppuska/mediscara_ws/install/interfaces/include/interfaces/msg/detail
-- Installing: /home/ppuska/mediscara_ws/install/interfaces/include/interfaces/msg/detail/robot2_control__type_support.cpp
-- Installing: /home/ppuska/mediscara_ws/install/interfaces/include/interfaces/msg/detail/robot2_status__rosidl_typesupport_introspection_cpp.hpp
-- Installing: /home/ppuska/mediscara_ws/install/interfaces/include/interfaces/msg/detail/kpic2__rosidl_typesupport_introspection_cpp.hpp
-- Installing: /home/ppuska/mediscara_ws/install/interfaces/include/interfaces/msg/detail/robot2_control__rosidl_typesupport_introspection_cpp.hpp
-- Installing: /home/ppuska/mediscara_ws/install/interfaces/include/interfaces/msg/detail/error__rosidl_typesupport_introspection_cpp.hpp
-- Installing: /home/ppuska/mediscara_ws/install/interfaces/include/interfaces/msg/detail/vision_control__rosidl_typesupport_introspection_cpp.hpp
-- Installing: /home/ppuska/mediscara_ws/install/interfaces/include/interfaces/msg/detail/robot2_status__type_support.cpp
-- Installing: /home/ppuska/mediscara_ws/install/interfaces/include/interfaces/msg/detail/marker_status__type_support.cpp
-- Installing: /home/ppuska/mediscara_ws/install/interfaces/include/interfaces/msg/detail/kpic1__rosidl_typesupport_introspection_cpp.hpp
-- Installing: /home/ppuska/mediscara_ws/install/interfaces/include/interfaces/msg/detail/kpic1__type_support.cpp
-- Installing: /home/ppuska/mediscara_ws/install/interfaces/include/interfaces/msg/detail/error__type_support.cpp
-- Installing: /home/ppuska/mediscara_ws/install/interfaces/include/interfaces/msg/detail/vision_control__type_support.cpp
-- Installing: /home/ppuska/mediscara_ws/install/interfaces/include/interfaces/msg/detail/kpic2__type_support.cpp
-- Installing: /home/ppuska/mediscara_ws/install/interfaces/include/interfaces/msg/detail/marker_status__rosidl_typesupport_introspection_cpp.hpp
-- Installing: /home/ppuska/mediscara_ws/install/interfaces/lib/libinterfaces__rosidl_typesupport_introspection_cpp.so
-- Set runtime path of "/home/ppuska/mediscara_ws/install/interfaces/lib/libinterfaces__rosidl_typesupport_introspection_cpp.so" to ""
-- Installing: /home/ppuska/mediscara_ws/install/interfaces/lib/libinterfaces__rosidl_typesupport_cpp.so
-- Set runtime path of "/home/ppuska/mediscara_ws/install/interfaces/lib/libinterfaces__rosidl_typesupport_cpp.so" to ""
-- Installing: /home/ppuska/mediscara_ws/install/interfaces/share/interfaces/environment/pythonpath.sh
-- Installing: /home/ppuska/mediscara_ws/install/interfaces/share/interfaces/environment/pythonpath.dsv
-- Installing: /home/ppuska/mediscara_ws/install/interfaces/lib/python3.8/site-packages/interfaces/__init__.py
Compiling '/home/ppuska/mediscara_ws/install/interfaces/lib/python3.8/site-packages/interfaces/__init__.py'...
-- Installing: /home/ppuska/mediscara_ws/install/interfaces/lib/python3.8/site-packages/interfaces/msg
-- Installing: /home/ppuska/mediscara_ws/install/interfaces/lib/python3.8/site-packages/interfaces/msg/_kpic2.py
-- Installing: /home/ppuska/mediscara_ws/install/interfaces/lib/python3.8/site-packages/interfaces/msg/_error.py
-- Installing: /home/ppuska/mediscara_ws/install/interfaces/lib/python3.8/site-packages/interfaces/msg/_marker_status_s.c
-- Installing: /home/ppuska/mediscara_ws/install/interfaces/lib/python3.8/site-packages/interfaces/msg/_robot2_status.py
-- Installing: /home/ppuska/mediscara_ws/install/interfaces/lib/python3.8/site-packages/interfaces/msg/_vision_control.py
-- Installing: /home/ppuska/mediscara_ws/install/interfaces/lib/python3.8/site-packages/interfaces/msg/_error_s.c
-- Installing: /home/ppuska/mediscara_ws/install/interfaces/lib/python3.8/site-packages/interfaces/msg/_vision_control_s.c
-- Installing: /home/ppuska/mediscara_ws/install/interfaces/lib/python3.8/site-packages/interfaces/msg/_kpic1.py
-- Installing: /home/ppuska/mediscara_ws/install/interfaces/lib/python3.8/site-packages/interfaces/msg/_kpic2_s.c
-- Installing: /home/ppuska/mediscara_ws/install/interfaces/lib/python3.8/site-packages/interfaces/msg/_robot2_status_s.c
-- Installing: /home/ppuska/mediscara_ws/install/interfaces/lib/python3.8/site-packages/interfaces/msg/__init__.py
-- Installing: /home/ppuska/mediscara_ws/install/interfaces/lib/python3.8/site-packages/interfaces/msg/_marker_status.py
-- Installing: /home/ppuska/mediscara_ws/install/interfaces/lib/python3.8/site-packages/interfaces/msg/_kpic1_s.c
-- Installing: /home/ppuska/mediscara_ws/install/interfaces/lib/python3.8/site-packages/interfaces/msg/_robot2_control.py
-- Installing: /home/ppuska/mediscara_ws/install/interfaces/lib/python3.8/site-packages/interfaces/msg/_robot2_control_s.c
-- Installing: /home/ppuska/mediscara_ws/install/interfaces/lib/python3.8/site-packages/interfaces/interfaces_s__rosidl_typesupport_fastrtps_c.cpython-38-x86_64-linux-gnu.so
-- Set runtime path of "/home/ppuska/mediscara_ws/install/interfaces/lib/python3.8/site-packages/interfaces/interfaces_s__rosidl_typesupport_fastrtps_c.cpython-38-x86_64-linux-gnu.so" to ""
-- Installing: /home/ppuska/mediscara_ws/install/interfaces/lib/python3.8/site-packages/interfaces/interfaces_s__rosidl_typesupport_introspection_c.cpython-38-x86_64-linux-gnu.so
-- Set runtime path of "/home/ppuska/mediscara_ws/install/interfaces/lib/python3.8/site-packages/interfaces/interfaces_s__rosidl_typesupport_introspection_c.cpython-38-x86_64-linux-gnu.so" to ""
-- Installing: /home/ppuska/mediscara_ws/install/interfaces/lib/python3.8/site-packages/interfaces/interfaces_s__rosidl_typesupport_c.cpython-38-x86_64-linux-gnu.so
-- Set runtime path of "/home/ppuska/mediscara_ws/install/interfaces/lib/python3.8/site-packages/interfaces/interfaces_s__rosidl_typesupport_c.cpython-38-x86_64-linux-gnu.so" to ""
-- Installing: /home/ppuska/mediscara_ws/install/interfaces/lib/libinterfaces__python.so
-- Set runtime path of "/home/ppuska/mediscara_ws/install/interfaces/lib/libinterfaces__python.so" to ""
-- Installing: /home/ppuska/mediscara_ws/install/interfaces/share/interfaces/msg/Error.idl
-- Installing: /home/ppuska/mediscara_ws/install/interfaces/share/interfaces/msg/MarkerStatus.idl
-- Installing: /home/ppuska/mediscara_ws/install/interfaces/share/interfaces/msg/KPIC1.idl
-- Installing: /home/ppuska/mediscara_ws/install/interfaces/share/interfaces/msg/KPIC2.idl
-- Installing: /home/ppuska/mediscara_ws/install/interfaces/share/interfaces/msg/Robot2Control.idl
-- Installing: /home/ppuska/mediscara_ws/install/interfaces/share/interfaces/msg/Robot2Status.idl
-- Installing: /home/ppuska/mediscara_ws/install/interfaces/share/interfaces/msg/VisionControl.idl
-- Installing: /home/ppuska/mediscara_ws/install/interfaces/share/interfaces/msg/Error.msg
-- Installing: /home/ppuska/mediscara_ws/install/interfaces/share/interfaces/msg/MarkerStatus.msg
-- Installing: /home/ppuska/mediscara_ws/install/interfaces/share/interfaces/msg/KPIC1.msg
-- Installing: /home/ppuska/mediscara_ws/install/interfaces/share/interfaces/msg/KPIC2.msg
-- Installing: /home/ppuska/mediscara_ws/install/interfaces/share/interfaces/msg/Robot2Control.msg
-- Installing: /home/ppuska/mediscara_ws/install/interfaces/share/interfaces/msg/Robot2Status.msg
-- Installing: /home/ppuska/mediscara_ws/install/interfaces/share/interfaces/msg/VisionControl.msg
-- Installing: /home/ppuska/mediscara_ws/install/interfaces/share/ament_index/resource_index/package_run_dependencies/interfaces
-- Installing: /home/ppuska/mediscara_ws/install/interfaces/share/ament_index/resource_index/parent_prefix_path/interfaces
-- Installing: /home/ppuska/mediscara_ws/install/interfaces/share/interfaces/environment/ament_prefix_path.sh
-- Installing: /home/ppuska/mediscara_ws/install/interfaces/share/interfaces/environment/ament_prefix_path.dsv
-- Installing: /home/ppuska/mediscara_ws/install/interfaces/share/interfaces/environment/path.sh
-- Installing: /home/ppuska/mediscara_ws/install/interfaces/share/interfaces/environment/path.dsv
-- Installing: /home/ppuska/mediscara_ws/install/interfaces/share/interfaces/local_setup.bash
-- Installing: /home/ppuska/mediscara_ws/install/interfaces/share/interfaces/local_setup.sh
-- Installing: /home/ppuska/mediscara_ws/install/interfaces/share/interfaces/local_setup.zsh
-- Installing: /home/ppuska/mediscara_ws/install/interfaces/share/interfaces/local_setup.dsv
-- Installing: /home/ppuska/mediscara_ws/install/interfaces/share/interfaces/package.dsv
-- Installing: /home/ppuska/mediscara_ws/install/interfaces/share/ament_index/resource_index/packages/interfaces
-- Installing: /home/ppuska/mediscara_ws/install/interfaces/share/interfaces/cmake/interfaces__rosidl_generator_cExport.cmake
-- Installing: /home/ppuska/mediscara_ws/install/interfaces/share/interfaces/cmake/interfaces__rosidl_generator_cExport-noconfig.cmake
-- Installing: /home/ppuska/mediscara_ws/install/interfaces/share/interfaces/cmake/interfaces__rosidl_typesupport_introspection_cExport.cmake
-- Installing: /home/ppuska/mediscara_ws/install/interfaces/share/interfaces/cmake/interfaces__rosidl_typesupport_introspection_cExport-noconfig.cmake
-- Installing: /home/ppuska/mediscara_ws/install/interfaces/share/interfaces/cmake/interfaces__rosidl_typesupport_cExport.cmake
-- Installing: /home/ppuska/mediscara_ws/install/interfaces/share/interfaces/cmake/interfaces__rosidl_typesupport_cExport-noconfig.cmake
-- Installing: /home/ppuska/mediscara_ws/install/interfaces/share/interfaces/cmake/interfaces__rosidl_generator_cppExport.cmake
-- Installing: /home/ppuska/mediscara_ws/install/interfaces/share/interfaces/cmake/interfaces__rosidl_typesupport_introspection_cppExport.cmake
-- Installing: /home/ppuska/mediscara_ws/install/interfaces/share/interfaces/cmake/interfaces__rosidl_typesupport_introspection_cppExport-noconfig.cmake
-- Installing: /home/ppuska/mediscara_ws/install/interfaces/share/interfaces/cmake/interfaces__rosidl_typesupport_cppExport.cmake
-- Installing: /home/ppuska/mediscara_ws/install/interfaces/share/interfaces/cmake/interfaces__rosidl_typesupport_cppExport-noconfig.cmake
-- Installing: /home/ppuska/mediscara_ws/install/interfaces/share/interfaces/cmake/rosidl_cmake-extras.cmake
-- Installing: /home/ppuska/mediscara_ws/install/interfaces/share/interfaces/cmake/ament_cmake_export_dependencies-extras.cmake
-- Installing: /home/ppuska/mediscara_ws/install/interfaces/share/interfaces/cmake/ament_cmake_export_libraries-extras.cmake
-- Installing: /home/ppuska/mediscara_ws/install/interfaces/share/interfaces/cmake/ament_cmake_export_targets-extras.cmake
-- Installing: /home/ppuska/mediscara_ws/install/interfaces/share/interfaces/cmake/ament_cmake_export_include_directories-extras.cmake
-- Installing: /home/ppuska/mediscara_ws/install/interfaces/share/interfaces/cmake/rosidl_cmake_export_typesupport_libraries-extras.cmake
-- Installing: /home/ppuska/mediscara_ws/install/interfaces/share/interfaces/cmake/rosidl_cmake_export_typesupport_targets-extras.cmake
-- Installing: /home/ppuska/mediscara_ws/install/interfaces/share/interfaces/cmake/interfacesConfig.cmake
-- Installing: /home/ppuska/mediscara_ws/install/interfaces/share/interfaces/cmake/interfacesConfig-version.cmake
-- Installing: /home/ppuska/mediscara_ws/install/interfaces/share/interfaces/package.xml
