[0.033s] Invoking command in '/home/ppuska/mediscara_ws/build/interfaces': CMAKE_PREFIX_PATH=${CMAKE_PREFIX_PATH}:/home/ppuska/mediscara_ws/install/mediscara:/opt/ros/foxy /usr/bin/cmake /home/ppuska/mediscara_ws/src/interfaces -DCMAKE_INSTALL_PREFIX=/home/ppuska/mediscara_ws/install/interfaces
[0.638s] -- The C compiler identification is GNU 9.3.0
[1.175s] -- The CXX compiler identification is GNU 9.3.0
[1.380s] -- Check for working C compiler: /usr/bin/cc
[1.573s] -- Check for working C compiler: /usr/bin/cc -- works
[1.578s] -- Detecting C compiler ABI info
[1.756s] -- Detecting C compiler ABI info - done
[1.771s] -- Detecting C compile features
[1.771s] -- Detecting C compile features - done
[1.776s] -- Check for working CXX compiler: /usr/bin/c++
[1.964s] -- Check for working CXX compiler: /usr/bin/c++ -- works
[1.965s] -- Detecting CXX compiler ABI info
[2.158s] -- Detecting CXX compiler ABI info - done
[2.169s] -- Detecting CXX compile features
[2.170s] -- Detecting CXX compile features - done
[2.185s] -- Found ament_cmake: 0.9.9 (/opt/ros/foxy/share/ament_cmake/cmake)
[2.218s] -- Found PythonInterp: /usr/bin/python3 (found suitable version "3.8.10", minimum required is "3") 
[2.218s] -- Using PYTHON_EXECUTABLE: /usr/bin/python3
[2.434s] -- Found rosidl_default_generators: 1.0.1 (/opt/ros/foxy/share/rosidl_default_generators/cmake)
[2.442s] -- Using all available rosidl_typesupport_c: rosidl_typesupport_fastrtps_c;rosidl_typesupport_introspection_c
[2.455s] -- Found rosidl_adapter: 1.2.1 (/opt/ros/foxy/share/rosidl_adapter/cmake)
[4.443s] -- Found OpenSSL: /usr/lib/x86_64-linux-gnu/libcrypto.so (found version "1.1.1f")  
[5.990s] -- Found FastRTPS: /opt/ros/foxy/include  
[9.063s] -- Using all available rosidl_typesupport_cpp: rosidl_typesupport_fastrtps_cpp;rosidl_typesupport_introspection_cpp
[9.133s] -- Found PythonInterp: /usr/bin/python3 (found version "3.8.10") 
[9.285s] -- Found ament_cmake_ros: 0.9.2 (/opt/ros/foxy/share/ament_cmake_ros/cmake)
[15.601s] -- Using all available rosidl_typesupport_c: rosidl_typesupport_fastrtps_c;rosidl_typesupport_introspection_c
[15.612s] -- Using all available rosidl_typesupport_cpp: rosidl_typesupport_fastrtps_cpp;rosidl_typesupport_introspection_cpp
[15.633s] -- Found PythonInterp: /usr/bin/python3 (found suitable version "3.8.10", minimum required is "3.5") 
[15.636s] -- Found python_cmake_module: 0.8.1 (/opt/ros/foxy/share/python_cmake_module/cmake)
[16.264s] -- Found PythonLibs: /usr/lib/x86_64-linux-gnu/libpython3.8.so (found suitable version "3.8.10", minimum required is "3.5") 
[16.264s] -- Using PYTHON_EXECUTABLE: /usr/bin/python3
[16.264s] -- Using PYTHON_INCLUDE_DIRS: /usr/include/python3.8
[16.264s] -- Using PYTHON_LIBRARIES: /usr/lib/x86_64-linux-gnu/libpython3.8.so
[16.284s] -- Found PythonExtra: .so  
[16.387s] -- Found ament_lint_auto: 0.9.6 (/opt/ros/foxy/share/ament_lint_auto/cmake)
[16.435s] -- Added test 'copyright' to check source files copyright and LICENSE
[16.441s] -- Added test 'lint_cmake' to check CMake code style
[16.444s] -- Added test 'xmllint' to check XML markup files
[16.451s] -- Configuring done
[16.493s] -- Generating done
[16.495s] -- Build files have been written to: /home/ppuska/mediscara_ws/build/interfaces
[16.504s] Invoked command in '/home/ppuska/mediscara_ws/build/interfaces' returned '0': CMAKE_PREFIX_PATH=${CMAKE_PREFIX_PATH}:/home/ppuska/mediscara_ws/install/mediscara:/opt/ros/foxy /usr/bin/cmake /home/ppuska/mediscara_ws/src/interfaces -DCMAKE_INSTALL_PREFIX=/home/ppuska/mediscara_ws/install/interfaces
[16.508s] Invoking command in '/home/ppuska/mediscara_ws/build/interfaces': CMAKE_PREFIX_PATH=${CMAKE_PREFIX_PATH}:/home/ppuska/mediscara_ws/install/mediscara:/opt/ros/foxy /usr/bin/cmake --build /home/ppuska/mediscara_ws/build/interfaces -- -j8 -l8
[16.554s] [  1%] [34m[1mGenerating C code for ROS interfaces[0m
[16.557s] [35m[1mScanning dependencies of target interfaces__cpp[0m
[16.570s] [  2%] [34m[1mGenerating C++ code for ROS interfaces[0m
[17.167s] [  2%] Built target interfaces__cpp
[17.176s] [  6%] [34m[1mGenerating C++ type support dispatch for ROS interfaces[0m
[17.177s] [  6%] [34m[1mGenerating C++ type support for eProsima Fast-RTPS[0m
[17.177s] [  6%] [34m[1mGenerating C++ introspection for ROS interfaces[0m
[17.182s] [35m[1mScanning dependencies of target interfaces__rosidl_generator_c[0m
[17.201s] [ 11%] [32mBuilding C object CMakeFiles/interfaces__rosidl_generator_c.dir/rosidl_generator_c/interfaces/msg/detail/kpic1__functions.c.o[0m
[17.202s] [ 11%] [32mBuilding C object CMakeFiles/interfaces__rosidl_generator_c.dir/rosidl_generator_c/interfaces/msg/detail/error__functions.c.o[0m
[17.202s] [ 11%] [32mBuilding C object CMakeFiles/interfaces__rosidl_generator_c.dir/rosidl_generator_c/interfaces/msg/detail/robot2_control__functions.c.o[0m
[17.202s] [ 12%] [32mBuilding C object CMakeFiles/interfaces__rosidl_generator_c.dir/rosidl_generator_c/interfaces/msg/detail/marker_status__functions.c.o[0m
[17.202s] [ 12%] [32mBuilding C object CMakeFiles/interfaces__rosidl_generator_c.dir/rosidl_generator_c/interfaces/msg/detail/kpic2__functions.c.o[0m
[17.277s] [ 13%] [32mBuilding C object CMakeFiles/interfaces__rosidl_generator_c.dir/rosidl_generator_c/interfaces/msg/detail/vision_control__functions.c.o[0m
[17.278s] [ 15%] [32mBuilding C object CMakeFiles/interfaces__rosidl_generator_c.dir/rosidl_generator_c/interfaces/msg/detail/robot2_status__functions.c.o[0m
[17.318s] [ 16%] [32m[1mLinking C shared library libinterfaces__rosidl_generator_c.so[0m
[17.502s] [ 16%] Built target interfaces__rosidl_generator_c
[17.512s] [ 17%] [34m[1mGenerating C type support dispatch for ROS interfaces[0m
[17.513s] [ 18%] [34m[1mGenerating C introspection for ROS interfaces[0m
[17.712s] [35m[1mScanning dependencies of target interfaces__rosidl_typesupport_cpp[0m
[17.735s] [ 22%] [32mBuilding CXX object CMakeFiles/interfaces__rosidl_typesupport_cpp.dir/rosidl_typesupport_cpp/interfaces/msg/error__type_support.cpp.o[0m
[17.736s] [ 22%] [32mBuilding CXX object CMakeFiles/interfaces__rosidl_typesupport_cpp.dir/rosidl_typesupport_cpp/interfaces/msg/kpic1__type_support.cpp.o[0m
[17.736s] [ 22%] [32mBuilding CXX object CMakeFiles/interfaces__rosidl_typesupport_cpp.dir/rosidl_typesupport_cpp/interfaces/msg/marker_status__type_support.cpp.o[0m
[17.736s] [ 24%] [32mBuilding CXX object CMakeFiles/interfaces__rosidl_typesupport_cpp.dir/rosidl_typesupport_cpp/interfaces/msg/kpic2__type_support.cpp.o[0m
[17.888s] [35m[1mScanning dependencies of target interfaces__rosidl_typesupport_introspection_cpp[0m
[17.914s] [ 25%] [32mBuilding CXX object CMakeFiles/interfaces__rosidl_typesupport_introspection_cpp.dir/rosidl_typesupport_introspection_cpp/interfaces/msg/detail/error__type_support.cpp.o[0m
[18.081s] [35m[1mScanning dependencies of target interfaces__rosidl_typesupport_fastrtps_cpp[0m
[18.127s] [ 26%] [32mBuilding CXX object CMakeFiles/interfaces__rosidl_typesupport_fastrtps_cpp.dir/rosidl_typesupport_fastrtps_cpp/interfaces/msg/detail/dds_fastrtps/error__type_support.cpp.o[0m
[18.191s] [35m[1mScanning dependencies of target interfaces__rosidl_typesupport_c[0m
[18.215s] [ 27%] [32mBuilding CXX object CMakeFiles/interfaces__rosidl_typesupport_c.dir/rosidl_typesupport_c/interfaces/msg/error__type_support.cpp.o[0m
[18.262s] [ 29%] [32mBuilding CXX object CMakeFiles/interfaces__rosidl_typesupport_c.dir/rosidl_typesupport_c/interfaces/msg/marker_status__type_support.cpp.o[0m
[18.291s] [ 31%] [32mBuilding CXX object CMakeFiles/interfaces__rosidl_typesupport_cpp.dir/rosidl_typesupport_cpp/interfaces/msg/robot2_control__type_support.cpp.o[0m
[18.291s] [ 31%] [32mBuilding CXX object CMakeFiles/interfaces__rosidl_typesupport_cpp.dir/rosidl_typesupport_cpp/interfaces/msg/robot2_status__type_support.cpp.o[0m
[18.300s] [ 32%] [32mBuilding CXX object CMakeFiles/interfaces__rosidl_typesupport_cpp.dir/rosidl_typesupport_cpp/interfaces/msg/vision_control__type_support.cpp.o[0m
[18.304s] [ 34%] [32mBuilding CXX object CMakeFiles/interfaces__rosidl_typesupport_c.dir/rosidl_typesupport_c/interfaces/msg/kpic1__type_support.cpp.o[0m
[18.308s] [ 35%] [32mBuilding CXX object CMakeFiles/interfaces__rosidl_typesupport_c.dir/rosidl_typesupport_c/interfaces/msg/kpic2__type_support.cpp.o[0m
[18.346s] [ 36%] [32mBuilding CXX object CMakeFiles/interfaces__rosidl_typesupport_c.dir/rosidl_typesupport_c/interfaces/msg/robot2_control__type_support.cpp.o[0m
[18.357s] [ 37%] [32mBuilding CXX object CMakeFiles/interfaces__rosidl_typesupport_c.dir/rosidl_typesupport_c/interfaces/msg/robot2_status__type_support.cpp.o[0m
[18.393s] [35m[1mScanning dependencies of target interfaces__rosidl_typesupport_introspection_c[0m
[18.399s] [ 40%] [32mBuilding CXX object CMakeFiles/interfaces__rosidl_typesupport_c.dir/rosidl_typesupport_c/interfaces/msg/vision_control__type_support.cpp.o[0m
[18.400s] [ 40%] [32mBuilding CXX object CMakeFiles/interfaces__rosidl_typesupport_fastrtps_cpp.dir/rosidl_typesupport_fastrtps_cpp/interfaces/msg/detail/dds_fastrtps/marker_status__type_support.cpp.o[0m
[18.413s] [ 41%] [32mBuilding CXX object CMakeFiles/interfaces__rosidl_typesupport_introspection_cpp.dir/rosidl_typesupport_introspection_cpp/interfaces/msg/detail/marker_status__type_support.cpp.o[0m
[18.418s] [ 43%] [32mBuilding C object CMakeFiles/interfaces__rosidl_typesupport_introspection_c.dir/rosidl_typesupport_introspection_c/interfaces/msg/detail/error__type_support.c.o[0m
[18.444s] [ 44%] [32m[1mLinking CXX shared library libinterfaces__rosidl_typesupport_c.so[0m
[18.475s] [ 45%] [32mBuilding C object CMakeFiles/interfaces__rosidl_typesupport_introspection_c.dir/rosidl_typesupport_introspection_c/interfaces/msg/detail/marker_status__type_support.c.o[0m
[18.536s] [ 46%] [32mBuilding C object CMakeFiles/interfaces__rosidl_typesupport_introspection_c.dir/rosidl_typesupport_introspection_c/interfaces/msg/detail/kpic1__type_support.c.o[0m
[18.601s] [ 48%] [32mBuilding C object CMakeFiles/interfaces__rosidl_typesupport_introspection_c.dir/rosidl_typesupport_introspection_c/interfaces/msg/detail/kpic2__type_support.c.o[0m
[18.651s] [ 49%] [32mBuilding C object CMakeFiles/interfaces__rosidl_typesupport_introspection_c.dir/rosidl_typesupport_introspection_c/interfaces/msg/detail/robot2_control__type_support.c.o[0m
[18.696s] [ 49%] Built target interfaces__rosidl_typesupport_c
[18.699s] [ 50%] [32mBuilding C object CMakeFiles/interfaces__rosidl_typesupport_introspection_c.dir/rosidl_typesupport_introspection_c/interfaces/msg/detail/robot2_status__type_support.c.o[0m
[18.710s] [ 51%] [32mBuilding C object CMakeFiles/interfaces__rosidl_typesupport_introspection_c.dir/rosidl_typesupport_introspection_c/interfaces/msg/detail/vision_control__type_support.c.o[0m
[18.749s] [ 53%] [32mBuilding CXX object CMakeFiles/interfaces__rosidl_typesupport_introspection_cpp.dir/rosidl_typesupport_introspection_cpp/interfaces/msg/detail/kpic1__type_support.cpp.o[0m
[18.764s] [ 54%] [32m[1mLinking C shared library libinterfaces__rosidl_typesupport_introspection_c.so[0m
[18.812s] [ 55%] [32mBuilding CXX object CMakeFiles/interfaces__rosidl_typesupport_introspection_cpp.dir/rosidl_typesupport_introspection_cpp/interfaces/msg/detail/kpic2__type_support.cpp.o[0m
[18.814s] [ 56%] [32mBuilding CXX object CMakeFiles/interfaces__rosidl_typesupport_introspection_cpp.dir/rosidl_typesupport_introspection_cpp/interfaces/msg/detail/robot2_control__type_support.cpp.o[0m
[18.816s] [ 58%] [32m[1mLinking CXX shared library libinterfaces__rosidl_typesupport_cpp.so[0m
[18.945s] [ 59%] [32mBuilding CXX object CMakeFiles/interfaces__rosidl_typesupport_fastrtps_cpp.dir/rosidl_typesupport_fastrtps_cpp/interfaces/msg/detail/dds_fastrtps/kpic1__type_support.cpp.o[0m
[18.967s] [ 60%] [32mBuilding CXX object CMakeFiles/interfaces__rosidl_typesupport_introspection_cpp.dir/rosidl_typesupport_introspection_cpp/interfaces/msg/detail/robot2_status__type_support.cpp.o[0m
[19.014s] [ 60%] Built target interfaces__rosidl_typesupport_introspection_c
[19.032s] [ 62%] [32mBuilding CXX object CMakeFiles/interfaces__rosidl_typesupport_introspection_cpp.dir/rosidl_typesupport_introspection_cpp/interfaces/msg/detail/vision_control__type_support.cpp.o[0m
[19.091s] [ 62%] Built target interfaces__rosidl_typesupport_cpp
[19.104s] [ 63%] [32mBuilding CXX object CMakeFiles/interfaces__rosidl_typesupport_fastrtps_cpp.dir/rosidl_typesupport_fastrtps_cpp/interfaces/msg/detail/dds_fastrtps/kpic2__type_support.cpp.o[0m
[19.183s] [ 64%] [32mBuilding CXX object CMakeFiles/interfaces__rosidl_typesupport_fastrtps_cpp.dir/rosidl_typesupport_fastrtps_cpp/interfaces/msg/detail/dds_fastrtps/robot2_control__type_support.cpp.o[0m
[19.282s] [ 65%] [32mBuilding CXX object CMakeFiles/interfaces__rosidl_typesupport_fastrtps_cpp.dir/rosidl_typesupport_fastrtps_cpp/interfaces/msg/detail/dds_fastrtps/robot2_status__type_support.cpp.o[0m
[19.337s] [ 67%] [32mBuilding CXX object CMakeFiles/interfaces__rosidl_typesupport_fastrtps_cpp.dir/rosidl_typesupport_fastrtps_cpp/interfaces/msg/detail/dds_fastrtps/vision_control__type_support.cpp.o[0m
[19.497s] [ 68%] [32m[1mLinking CXX shared library libinterfaces__rosidl_typesupport_introspection_cpp.so[0m
[19.764s] [ 68%] Built target interfaces__rosidl_typesupport_introspection_cpp
[19.893s] [ 69%] [32m[1mLinking CXX shared library libinterfaces__rosidl_typesupport_fastrtps_cpp.so[0m
[20.066s] [ 69%] Built target interfaces__rosidl_typesupport_fastrtps_cpp
[20.075s] [ 70%] [34m[1mGenerating C type support for eProsima Fast-RTPS[0m
[20.527s] [35m[1mScanning dependencies of target interfaces__rosidl_typesupport_fastrtps_c[0m
[20.552s] [ 72%] [32mBuilding CXX object CMakeFiles/interfaces__rosidl_typesupport_fastrtps_c.dir/rosidl_typesupport_fastrtps_c/interfaces/msg/detail/marker_status__type_support_c.cpp.o[0m
[20.552s] [ 73%] [32mBuilding CXX object CMakeFiles/interfaces__rosidl_typesupport_fastrtps_c.dir/rosidl_typesupport_fastrtps_c/interfaces/msg/detail/kpic2__type_support_c.cpp.o[0m
[20.553s] [ 74%] [32mBuilding CXX object CMakeFiles/interfaces__rosidl_typesupport_fastrtps_c.dir/rosidl_typesupport_fastrtps_c/interfaces/msg/detail/kpic1__type_support_c.cpp.o[0m
[20.553s] [ 77%] [32mBuilding CXX object CMakeFiles/interfaces__rosidl_typesupport_fastrtps_c.dir/rosidl_typesupport_fastrtps_c/interfaces/msg/detail/error__type_support_c.cpp.o[0m
[20.553s] [ 77%] [32mBuilding CXX object CMakeFiles/interfaces__rosidl_typesupport_fastrtps_c.dir/rosidl_typesupport_fastrtps_c/interfaces/msg/detail/robot2_status__type_support_c.cpp.o[0m
[20.553s] [ 78%] [32mBuilding CXX object CMakeFiles/interfaces__rosidl_typesupport_fastrtps_c.dir/rosidl_typesupport_fastrtps_c/interfaces/msg/detail/robot2_control__type_support_c.cpp.o[0m
[20.556s] [ 79%] [32mBuilding CXX object CMakeFiles/interfaces__rosidl_typesupport_fastrtps_c.dir/rosidl_typesupport_fastrtps_c/interfaces/msg/detail/vision_control__type_support_c.cpp.o[0m
[21.097s] [ 81%] [32m[1mLinking CXX shared library libinterfaces__rosidl_typesupport_fastrtps_c.so[0m
[21.287s] [ 81%] Built target interfaces__rosidl_typesupport_fastrtps_c
[21.296s] [35m[1mScanning dependencies of target interfaces[0m
[21.305s] [ 81%] Built target interfaces
[21.315s] [35m[1mScanning dependencies of target interfaces__py[0m
[21.323s] [ 82%] [34m[1mGenerating Python code for ROS interfaces[0m
[22.435s] [ 82%] Built target interfaces__py
[22.445s] [35m[1mScanning dependencies of target interfaces__python[0m
[22.538s] [ 83%] [32mBuilding C object CMakeFiles/interfaces__python.dir/rosidl_generator_py/interfaces/msg/_marker_status_s.c.o[0m
[22.538s] [ 86%] [32mBuilding C object CMakeFiles/interfaces__python.dir/rosidl_generator_py/interfaces/msg/_kpic1_s.c.o[0m
[22.538s] [ 86%] [32mBuilding C object CMakeFiles/interfaces__python.dir/rosidl_generator_py/interfaces/msg/_robot2_status_s.c.o[0m
[22.538s] [ 87%] [32mBuilding C object CMakeFiles/interfaces__python.dir/rosidl_generator_py/interfaces/msg/_error_s.c.o[0m
[22.539s] [ 89%] [32mBuilding C object CMakeFiles/interfaces__python.dir/rosidl_generator_py/interfaces/msg/_robot2_control_s.c.o[0m
[22.539s] [ 89%] [32mBuilding C object CMakeFiles/interfaces__python.dir/rosidl_generator_py/interfaces/msg/_kpic2_s.c.o[0m
[22.540s] [ 91%] [32mBuilding C object CMakeFiles/interfaces__python.dir/rosidl_generator_py/interfaces/msg/_vision_control_s.c.o[0m
[22.684s] [ 92%] [32m[1mLinking C shared library rosidl_generator_py/interfaces/libinterfaces__python.so[0m
[22.830s] [ 92%] Built target interfaces__python
[22.840s] [35m[1mScanning dependencies of target interfaces__rosidl_typesupport_introspection_c__pyext[0m
[22.840s] [35m[1mScanning dependencies of target interfaces__rosidl_typesupport_fastrtps_c__pyext[0m
[22.840s] [35m[1mScanning dependencies of target interfaces__rosidl_typesupport_c__pyext[0m
[22.858s] [ 96%] [32mBuilding C object CMakeFiles/interfaces__rosidl_typesupport_introspection_c__pyext.dir/rosidl_generator_py/interfaces/_interfaces_s.ep.rosidl_typesupport_introspection_c.c.o[0m
[22.859s] [ 96%] [32mBuilding C object CMakeFiles/interfaces__rosidl_typesupport_c__pyext.dir/rosidl_generator_py/interfaces/_interfaces_s.ep.rosidl_typesupport_c.c.o[0m
[22.859s] [ 96%] [32mBuilding C object CMakeFiles/interfaces__rosidl_typesupport_fastrtps_c__pyext.dir/rosidl_generator_py/interfaces/_interfaces_s.ep.rosidl_typesupport_fastrtps_c.c.o[0m
[22.947s] [ 97%] [32m[1mLinking C shared library rosidl_generator_py/interfaces/interfaces_s__rosidl_typesupport_introspection_c.cpython-38-x86_64-linux-gnu.so[0m
[22.953s] [ 98%] [32m[1mLinking C shared library rosidl_generator_py/interfaces/interfaces_s__rosidl_typesupport_c.cpython-38-x86_64-linux-gnu.so[0m
[22.955s] [100%] [32m[1mLinking CXX shared library rosidl_generator_py/interfaces/interfaces_s__rosidl_typesupport_fastrtps_c.cpython-38-x86_64-linux-gnu.so[0m
[23.074s] [100%] Built target interfaces__rosidl_typesupport_introspection_c__pyext
[23.074s] [100%] Built target interfaces__rosidl_typesupport_c__pyext
[23.101s] [100%] Built target interfaces__rosidl_typesupport_fastrtps_c__pyext
[23.113s] Invoked command in '/home/ppuska/mediscara_ws/build/interfaces' returned '0': CMAKE_PREFIX_PATH=${CMAKE_PREFIX_PATH}:/home/ppuska/mediscara_ws/install/mediscara:/opt/ros/foxy /usr/bin/cmake --build /home/ppuska/mediscara_ws/build/interfaces -- -j8 -l8
[23.250s] Invoking command in '/home/ppuska/mediscara_ws/build/interfaces': CMAKE_PREFIX_PATH=${CMAKE_PREFIX_PATH}:/home/ppuska/mediscara_ws/install/mediscara:/opt/ros/foxy /usr/bin/cmake --install /home/ppuska/mediscara_ws/build/interfaces
[23.257s] -- Install configuration: ""
[23.258s] -- Installing: /home/ppuska/mediscara_ws/install/interfaces/share/ament_index/resource_index/rosidl_interfaces/interfaces
[23.258s] -- Installing: /home/ppuska/mediscara_ws/install/interfaces/include/interfaces
[23.258s] -- Installing: /home/ppuska/mediscara_ws/install/interfaces/include/interfaces/msg
[23.259s] -- Installing: /home/ppuska/mediscara_ws/install/interfaces/include/interfaces/msg/error.h
[23.259s] -- Installing: /home/ppuska/mediscara_ws/install/interfaces/include/interfaces/msg/kpic2.h
[23.259s] -- Installing: /home/ppuska/mediscara_ws/install/interfaces/include/interfaces/msg/vision_control.h
[23.260s] -- Installing: /home/ppuska/mediscara_ws/install/interfaces/include/interfaces/msg/marker_status.h
[23.260s] -- Installing: /home/ppuska/mediscara_ws/install/interfaces/include/interfaces/msg/robot2_status.h
[23.260s] -- Installing: /home/ppuska/mediscara_ws/install/interfaces/include/interfaces/msg/kpic1.h
[23.260s] -- Installing: /home/ppuska/mediscara_ws/install/interfaces/include/interfaces/msg/robot2_control.h
[23.261s] -- Installing: /home/ppuska/mediscara_ws/install/interfaces/include/interfaces/msg/rosidl_generator_c__visibility_control.h
[23.261s] -- Installing: /home/ppuska/mediscara_ws/install/interfaces/include/interfaces/msg/detail
[23.261s] -- Installing: /home/ppuska/mediscara_ws/install/interfaces/include/interfaces/msg/detail/kpic1__functions.h
[23.261s] -- Installing: /home/ppuska/mediscara_ws/install/interfaces/include/interfaces/msg/detail/kpic1__functions.c
[23.261s] -- Installing: /home/ppuska/mediscara_ws/install/interfaces/include/interfaces/msg/detail/vision_control__type_support.h
[23.262s] -- Installing: /home/ppuska/mediscara_ws/install/interfaces/include/interfaces/msg/detail/marker_status__functions.c
[23.262s] -- Installing: /home/ppuska/mediscara_ws/install/interfaces/include/interfaces/msg/detail/vision_control__functions.c
[23.262s] -- Installing: /home/ppuska/mediscara_ws/install/interfaces/include/interfaces/msg/detail/robot2_control__struct.h
[23.262s] -- Installing: /home/ppuska/mediscara_ws/install/interfaces/include/interfaces/msg/detail/robot2_control__type_support.h
[23.263s] -- Installing: /home/ppuska/mediscara_ws/install/interfaces/include/interfaces/msg/detail/kpic2__type_support.h
[23.263s] -- Installing: /home/ppuska/mediscara_ws/install/interfaces/include/interfaces/msg/detail/robot2_control__functions.c
[23.263s] -- Installing: /home/ppuska/mediscara_ws/install/interfaces/include/interfaces/msg/detail/kpic2__struct.h
[23.263s] -- Installing: /home/ppuska/mediscara_ws/install/interfaces/include/interfaces/msg/detail/robot2_status__functions.h
[23.263s] -- Installing: /home/ppuska/mediscara_ws/install/interfaces/include/interfaces/msg/detail/robot2_status__functions.c
[23.264s] -- Installing: /home/ppuska/mediscara_ws/install/interfaces/include/interfaces/msg/detail/kpic2__functions.h
[23.264s] -- Installing: /home/ppuska/mediscara_ws/install/interfaces/include/interfaces/msg/detail/kpic1__struct.h
[23.264s] -- Installing: /home/ppuska/mediscara_ws/install/interfaces/include/interfaces/msg/detail/error__functions.c
[23.264s] -- Installing: /home/ppuska/mediscara_ws/install/interfaces/include/interfaces/msg/detail/vision_control__functions.h
[23.265s] -- Installing: /home/ppuska/mediscara_ws/install/interfaces/include/interfaces/msg/detail/robot2_status__type_support.h
[23.265s] -- Installing: /home/ppuska/mediscara_ws/install/interfaces/include/interfaces/msg/detail/error__type_support.h
[23.265s] -- Installing: /home/ppuska/mediscara_ws/install/interfaces/include/interfaces/msg/detail/robot2_control__functions.h
[23.265s] -- Installing: /home/ppuska/mediscara_ws/install/interfaces/include/interfaces/msg/detail/marker_status__struct.h
[23.265s] -- Installing: /home/ppuska/mediscara_ws/install/interfaces/include/interfaces/msg/detail/robot2_status__struct.h
[23.266s] -- Installing: /home/ppuska/mediscara_ws/install/interfaces/include/interfaces/msg/detail/marker_status__type_support.h
[23.266s] -- Installing: /home/ppuska/mediscara_ws/install/interfaces/include/interfaces/msg/detail/error__functions.h
[23.266s] -- Installing: /home/ppuska/mediscara_ws/install/interfaces/include/interfaces/msg/detail/error__struct.h
[23.266s] -- Installing: /home/ppuska/mediscara_ws/install/interfaces/include/interfaces/msg/detail/vision_control__struct.h
[23.266s] -- Installing: /home/ppuska/mediscara_ws/install/interfaces/include/interfaces/msg/detail/kpic1__type_support.h
[23.267s] -- Installing: /home/ppuska/mediscara_ws/install/interfaces/include/interfaces/msg/detail/kpic2__functions.c
[23.267s] -- Installing: /home/ppuska/mediscara_ws/install/interfaces/include/interfaces/msg/detail/marker_status__functions.h
[23.267s] -- Installing: /home/ppuska/mediscara_ws/install/interfaces/share/interfaces/environment/library_path.sh
[23.268s] -- Installing: /home/ppuska/mediscara_ws/install/interfaces/share/interfaces/environment/library_path.dsv
[23.268s] -- Installing: /home/ppuska/mediscara_ws/install/interfaces/lib/libinterfaces__rosidl_generator_c.so
[23.268s] -- Set runtime path of "/home/ppuska/mediscara_ws/install/interfaces/lib/libinterfaces__rosidl_generator_c.so" to ""
[23.268s] -- Up-to-date: /home/ppuska/mediscara_ws/install/interfaces/include/interfaces
[23.268s] -- Up-to-date: /home/ppuska/mediscara_ws/install/interfaces/include/interfaces/msg
[23.268s] -- Installing: /home/ppuska/mediscara_ws/install/interfaces/include/interfaces/msg/rosidl_typesupport_fastrtps_c__visibility_control.h
[23.269s] -- Up-to-date: /home/ppuska/mediscara_ws/install/interfaces/include/interfaces/msg/detail
[23.269s] -- Installing: /home/ppuska/mediscara_ws/install/interfaces/include/interfaces/msg/detail/vision_control__rosidl_typesupport_fastrtps_c.h
[23.269s] -- Installing: /home/ppuska/mediscara_ws/install/interfaces/include/interfaces/msg/detail/robot2_status__rosidl_typesupport_fastrtps_c.h
[23.269s] -- Installing: /home/ppuska/mediscara_ws/install/interfaces/include/interfaces/msg/detail/marker_status__rosidl_typesupport_fastrtps_c.h
[23.269s] -- Installing: /home/ppuska/mediscara_ws/install/interfaces/include/interfaces/msg/detail/kpic1__rosidl_typesupport_fastrtps_c.h
[23.270s] -- Installing: /home/ppuska/mediscara_ws/install/interfaces/include/interfaces/msg/detail/robot2_control__rosidl_typesupport_fastrtps_c.h
[23.270s] -- Installing: /home/ppuska/mediscara_ws/install/interfaces/include/interfaces/msg/detail/error__rosidl_typesupport_fastrtps_c.h
[23.270s] -- Installing: /home/ppuska/mediscara_ws/install/interfaces/include/interfaces/msg/detail/kpic2__rosidl_typesupport_fastrtps_c.h
[23.270s] -- Installing: /home/ppuska/mediscara_ws/install/interfaces/lib/libinterfaces__rosidl_typesupport_fastrtps_c.so
[23.271s] -- Set runtime path of "/home/ppuska/mediscara_ws/install/interfaces/lib/libinterfaces__rosidl_typesupport_fastrtps_c.so" to ""
[23.271s] -- Up-to-date: /home/ppuska/mediscara_ws/install/interfaces/include/interfaces
[23.272s] -- Up-to-date: /home/ppuska/mediscara_ws/install/interfaces/include/interfaces/msg
[23.272s] -- Installing: /home/ppuska/mediscara_ws/install/interfaces/include/interfaces/msg/rosidl_typesupport_fastrtps_cpp__visibility_control.h
[23.272s] -- Up-to-date: /home/ppuska/mediscara_ws/install/interfaces/include/interfaces/msg/detail
[23.273s] -- Installing: /home/ppuska/mediscara_ws/install/interfaces/include/interfaces/msg/detail/kpic1__rosidl_typesupport_fastrtps_cpp.hpp
[23.273s] -- Installing: /home/ppuska/mediscara_ws/install/interfaces/include/interfaces/msg/detail/marker_status__rosidl_typesupport_fastrtps_cpp.hpp
[23.273s] -- Installing: /home/ppuska/mediscara_ws/install/interfaces/include/interfaces/msg/detail/error__rosidl_typesupport_fastrtps_cpp.hpp
[23.274s] -- Installing: /home/ppuska/mediscara_ws/install/interfaces/include/interfaces/msg/detail/dds_fastrtps
[23.274s] -- Installing: /home/ppuska/mediscara_ws/install/interfaces/include/interfaces/msg/detail/robot2_control__rosidl_typesupport_fastrtps_cpp.hpp
[23.274s] -- Installing: /home/ppuska/mediscara_ws/install/interfaces/include/interfaces/msg/detail/vision_control__rosidl_typesupport_fastrtps_cpp.hpp
[23.274s] -- Installing: /home/ppuska/mediscara_ws/install/interfaces/include/interfaces/msg/detail/robot2_status__rosidl_typesupport_fastrtps_cpp.hpp
[23.275s] -- Installing: /home/ppuska/mediscara_ws/install/interfaces/include/interfaces/msg/detail/kpic2__rosidl_typesupport_fastrtps_cpp.hpp
[23.275s] -- Installing: /home/ppuska/mediscara_ws/install/interfaces/lib/libinterfaces__rosidl_typesupport_fastrtps_cpp.so
[23.275s] -- Set runtime path of "/home/ppuska/mediscara_ws/install/interfaces/lib/libinterfaces__rosidl_typesupport_fastrtps_cpp.so" to ""
[23.275s] -- Up-to-date: /home/ppuska/mediscara_ws/install/interfaces/include/interfaces
[23.276s] -- Up-to-date: /home/ppuska/mediscara_ws/install/interfaces/include/interfaces/msg
[23.276s] -- Installing: /home/ppuska/mediscara_ws/install/interfaces/include/interfaces/msg/rosidl_typesupport_introspection_c__visibility_control.h
[23.276s] -- Up-to-date: /home/ppuska/mediscara_ws/install/interfaces/include/interfaces/msg/detail
[23.276s] -- Installing: /home/ppuska/mediscara_ws/install/interfaces/include/interfaces/msg/detail/error__rosidl_typesupport_introspection_c.h
[23.276s] -- Installing: /home/ppuska/mediscara_ws/install/interfaces/include/interfaces/msg/detail/kpic1__type_support.c
[23.276s] -- Installing: /home/ppuska/mediscara_ws/install/interfaces/include/interfaces/msg/detail/vision_control__type_support.c
[23.277s] -- Installing: /home/ppuska/mediscara_ws/install/interfaces/include/interfaces/msg/detail/robot2_control__rosidl_typesupport_introspection_c.h
[23.277s] -- Installing: /home/ppuska/mediscara_ws/install/interfaces/include/interfaces/msg/detail/robot2_status__type_support.c
[23.277s] -- Installing: /home/ppuska/mediscara_ws/install/interfaces/include/interfaces/msg/detail/kpic2__rosidl_typesupport_introspection_c.h
[23.277s] -- Installing: /home/ppuska/mediscara_ws/install/interfaces/include/interfaces/msg/detail/kpic2__type_support.c
[23.277s] -- Installing: /home/ppuska/mediscara_ws/install/interfaces/include/interfaces/msg/detail/kpic1__rosidl_typesupport_introspection_c.h
[23.278s] -- Installing: /home/ppuska/mediscara_ws/install/interfaces/include/interfaces/msg/detail/vision_control__rosidl_typesupport_introspection_c.h
[23.278s] -- Installing: /home/ppuska/mediscara_ws/install/interfaces/include/interfaces/msg/detail/marker_status__type_support.c
[23.278s] -- Installing: /home/ppuska/mediscara_ws/install/interfaces/include/interfaces/msg/detail/error__type_support.c
[23.278s] -- Installing: /home/ppuska/mediscara_ws/install/interfaces/include/interfaces/msg/detail/robot2_status__rosidl_typesupport_introspection_c.h
[23.278s] -- Installing: /home/ppuska/mediscara_ws/install/interfaces/include/interfaces/msg/detail/marker_status__rosidl_typesupport_introspection_c.h
[23.278s] -- Installing: /home/ppuska/mediscara_ws/install/interfaces/include/interfaces/msg/detail/robot2_control__type_support.c
[23.279s] -- Installing: /home/ppuska/mediscara_ws/install/interfaces/lib/libinterfaces__rosidl_typesupport_introspection_c.so
[23.279s] -- Set runtime path of "/home/ppuska/mediscara_ws/install/interfaces/lib/libinterfaces__rosidl_typesupport_introspection_c.so" to ""
[23.279s] -- Installing: /home/ppuska/mediscara_ws/install/interfaces/lib/libinterfaces__rosidl_typesupport_c.so
[23.279s] -- Set runtime path of "/home/ppuska/mediscara_ws/install/interfaces/lib/libinterfaces__rosidl_typesupport_c.so" to ""
[23.279s] -- Up-to-date: /home/ppuska/mediscara_ws/install/interfaces/include/interfaces
[23.279s] -- Up-to-date: /home/ppuska/mediscara_ws/install/interfaces/include/interfaces/msg
[23.280s] -- Installing: /home/ppuska/mediscara_ws/install/interfaces/include/interfaces/msg/robot2_control.hpp
[23.280s] -- Installing: /home/ppuska/mediscara_ws/install/interfaces/include/interfaces/msg/kpic2.hpp
[23.280s] -- Installing: /home/ppuska/mediscara_ws/install/interfaces/include/interfaces/msg/kpic1.hpp
[23.280s] -- Installing: /home/ppuska/mediscara_ws/install/interfaces/include/interfaces/msg/error.hpp
[23.280s] -- Installing: /home/ppuska/mediscara_ws/install/interfaces/include/interfaces/msg/robot2_status.hpp
[23.280s] -- Installing: /home/ppuska/mediscara_ws/install/interfaces/include/interfaces/msg/vision_control.hpp
[23.280s] -- Installing: /home/ppuska/mediscara_ws/install/interfaces/include/interfaces/msg/marker_status.hpp
[23.280s] -- Up-to-date: /home/ppuska/mediscara_ws/install/interfaces/include/interfaces/msg/detail
[23.280s] -- Installing: /home/ppuska/mediscara_ws/install/interfaces/include/interfaces/msg/detail/robot2_status__struct.hpp
[23.280s] -- Installing: /home/ppuska/mediscara_ws/install/interfaces/include/interfaces/msg/detail/marker_status__traits.hpp
[23.280s] -- Installing: /home/ppuska/mediscara_ws/install/interfaces/include/interfaces/msg/detail/error__builder.hpp
[23.281s] -- Installing: /home/ppuska/mediscara_ws/install/interfaces/include/interfaces/msg/detail/vision_control__traits.hpp
[23.281s] -- Installing: /home/ppuska/mediscara_ws/install/interfaces/include/interfaces/msg/detail/robot2_control__struct.hpp
[23.281s] -- Installing: /home/ppuska/mediscara_ws/install/interfaces/include/interfaces/msg/detail/kpic2__struct.hpp
[23.281s] -- Installing: /home/ppuska/mediscara_ws/install/interfaces/include/interfaces/msg/detail/kpic1__traits.hpp
[23.281s] -- Installing: /home/ppuska/mediscara_ws/install/interfaces/include/interfaces/msg/detail/kpic2__traits.hpp
[23.281s] -- Installing: /home/ppuska/mediscara_ws/install/interfaces/include/interfaces/msg/detail/robot2_status__builder.hpp
[23.281s] -- Installing: /home/ppuska/mediscara_ws/install/interfaces/include/interfaces/msg/detail/error__traits.hpp
[23.281s] -- Installing: /home/ppuska/mediscara_ws/install/interfaces/include/interfaces/msg/detail/marker_status__struct.hpp
[23.281s] -- Installing: /home/ppuska/mediscara_ws/install/interfaces/include/interfaces/msg/detail/kpic1__struct.hpp
[23.281s] -- Installing: /home/ppuska/mediscara_ws/install/interfaces/include/interfaces/msg/detail/error__struct.hpp
[23.281s] -- Installing: /home/ppuska/mediscara_ws/install/interfaces/include/interfaces/msg/detail/robot2_control__traits.hpp
[23.281s] -- Installing: /home/ppuska/mediscara_ws/install/interfaces/include/interfaces/msg/detail/marker_status__builder.hpp
[23.281s] -- Installing: /home/ppuska/mediscara_ws/install/interfaces/include/interfaces/msg/detail/robot2_status__traits.hpp
[23.281s] -- Installing: /home/ppuska/mediscara_ws/install/interfaces/include/interfaces/msg/detail/kpic1__builder.hpp
[23.281s] -- Installing: /home/ppuska/mediscara_ws/install/interfaces/include/interfaces/msg/detail/vision_control__builder.hpp
[23.281s] -- Installing: /home/ppuska/mediscara_ws/install/interfaces/include/interfaces/msg/detail/vision_control__struct.hpp
[23.282s] -- Installing: /home/ppuska/mediscara_ws/install/interfaces/include/interfaces/msg/detail/kpic2__builder.hpp
[23.282s] -- Installing: /home/ppuska/mediscara_ws/install/interfaces/include/interfaces/msg/detail/robot2_control__builder.hpp
[23.282s] -- Up-to-date: /home/ppuska/mediscara_ws/install/interfaces/include/interfaces
[23.282s] -- Up-to-date: /home/ppuska/mediscara_ws/install/interfaces/include/interfaces/msg
[23.282s] -- Up-to-date: /home/ppuska/mediscara_ws/install/interfaces/include/interfaces/msg/detail
[23.282s] -- Installing: /home/ppuska/mediscara_ws/install/interfaces/include/interfaces/msg/detail/robot2_control__type_support.cpp
[23.282s] -- Installing: /home/ppuska/mediscara_ws/install/interfaces/include/interfaces/msg/detail/robot2_status__rosidl_typesupport_introspection_cpp.hpp
[23.282s] -- Installing: /home/ppuska/mediscara_ws/install/interfaces/include/interfaces/msg/detail/kpic2__rosidl_typesupport_introspection_cpp.hpp
[23.282s] -- Installing: /home/ppuska/mediscara_ws/install/interfaces/include/interfaces/msg/detail/robot2_control__rosidl_typesupport_introspection_cpp.hpp
[23.282s] -- Installing: /home/ppuska/mediscara_ws/install/interfaces/include/interfaces/msg/detail/error__rosidl_typesupport_introspection_cpp.hpp
[23.282s] -- Installing: /home/ppuska/mediscara_ws/install/interfaces/include/interfaces/msg/detail/vision_control__rosidl_typesupport_introspection_cpp.hpp
[23.282s] -- Installing: /home/ppuska/mediscara_ws/install/interfaces/include/interfaces/msg/detail/robot2_status__type_support.cpp
[23.282s] -- Installing: /home/ppuska/mediscara_ws/install/interfaces/include/interfaces/msg/detail/marker_status__type_support.cpp
[23.282s] -- Installing: /home/ppuska/mediscara_ws/install/interfaces/include/interfaces/msg/detail/kpic1__rosidl_typesupport_introspection_cpp.hpp
[23.282s] -- Installing: /home/ppuska/mediscara_ws/install/interfaces/include/interfaces/msg/detail/kpic1__type_support.cpp
[23.282s] -- Installing: /home/ppuska/mediscara_ws/install/interfaces/include/interfaces/msg/detail/error__type_support.cpp
[23.283s] -- Installing: /home/ppuska/mediscara_ws/install/interfaces/include/interfaces/msg/detail/vision_control__type_support.cpp
[23.283s] -- Installing: /home/ppuska/mediscara_ws/install/interfaces/include/interfaces/msg/detail/kpic2__type_support.cpp
[23.283s] -- Installing: /home/ppuska/mediscara_ws/install/interfaces/include/interfaces/msg/detail/marker_status__rosidl_typesupport_introspection_cpp.hpp
[23.283s] -- Installing: /home/ppuska/mediscara_ws/install/interfaces/lib/libinterfaces__rosidl_typesupport_introspection_cpp.so
[23.283s] -- Set runtime path of "/home/ppuska/mediscara_ws/install/interfaces/lib/libinterfaces__rosidl_typesupport_introspection_cpp.so" to ""
[23.283s] -- Installing: /home/ppuska/mediscara_ws/install/interfaces/lib/libinterfaces__rosidl_typesupport_cpp.so
[23.283s] -- Set runtime path of "/home/ppuska/mediscara_ws/install/interfaces/lib/libinterfaces__rosidl_typesupport_cpp.so" to ""
[23.283s] -- Installing: /home/ppuska/mediscara_ws/install/interfaces/share/interfaces/environment/pythonpath.sh
[23.283s] -- Installing: /home/ppuska/mediscara_ws/install/interfaces/share/interfaces/environment/pythonpath.dsv
[23.283s] -- Installing: /home/ppuska/mediscara_ws/install/interfaces/lib/python3.8/site-packages/interfaces/__init__.py
[23.309s] Compiling '/home/ppuska/mediscara_ws/install/interfaces/lib/python3.8/site-packages/interfaces/__init__.py'...
[23.313s] -- Installing: /home/ppuska/mediscara_ws/install/interfaces/lib/python3.8/site-packages/interfaces/msg
[23.314s] -- Installing: /home/ppuska/mediscara_ws/install/interfaces/lib/python3.8/site-packages/interfaces/msg/_kpic2.py
[23.314s] -- Installing: /home/ppuska/mediscara_ws/install/interfaces/lib/python3.8/site-packages/interfaces/msg/_error.py
[23.314s] -- Installing: /home/ppuska/mediscara_ws/install/interfaces/lib/python3.8/site-packages/interfaces/msg/_marker_status_s.c
[23.314s] -- Installing: /home/ppuska/mediscara_ws/install/interfaces/lib/python3.8/site-packages/interfaces/msg/_robot2_status.py
[23.315s] -- Installing: /home/ppuska/mediscara_ws/install/interfaces/lib/python3.8/site-packages/interfaces/msg/_vision_control.py
[23.315s] -- Installing: /home/ppuska/mediscara_ws/install/interfaces/lib/python3.8/site-packages/interfaces/msg/_error_s.c
[23.315s] -- Installing: /home/ppuska/mediscara_ws/install/interfaces/lib/python3.8/site-packages/interfaces/msg/_vision_control_s.c
[23.315s] -- Installing: /home/ppuska/mediscara_ws/install/interfaces/lib/python3.8/site-packages/interfaces/msg/_kpic1.py
[23.315s] -- Installing: /home/ppuska/mediscara_ws/install/interfaces/lib/python3.8/site-packages/interfaces/msg/_kpic2_s.c
[23.316s] -- Installing: /home/ppuska/mediscara_ws/install/interfaces/lib/python3.8/site-packages/interfaces/msg/_robot2_status_s.c
[23.316s] -- Installing: /home/ppuska/mediscara_ws/install/interfaces/lib/python3.8/site-packages/interfaces/msg/__init__.py
[23.316s] -- Installing: /home/ppuska/mediscara_ws/install/interfaces/lib/python3.8/site-packages/interfaces/msg/_marker_status.py
[23.316s] -- Installing: /home/ppuska/mediscara_ws/install/interfaces/lib/python3.8/site-packages/interfaces/msg/_kpic1_s.c
[23.316s] -- Installing: /home/ppuska/mediscara_ws/install/interfaces/lib/python3.8/site-packages/interfaces/msg/_robot2_control.py
[23.316s] -- Installing: /home/ppuska/mediscara_ws/install/interfaces/lib/python3.8/site-packages/interfaces/msg/_robot2_control_s.c
[23.317s] -- Installing: /home/ppuska/mediscara_ws/install/interfaces/lib/python3.8/site-packages/interfaces/interfaces_s__rosidl_typesupport_fastrtps_c.cpython-38-x86_64-linux-gnu.so
[23.317s] -- Set runtime path of "/home/ppuska/mediscara_ws/install/interfaces/lib/python3.8/site-packages/interfaces/interfaces_s__rosidl_typesupport_fastrtps_c.cpython-38-x86_64-linux-gnu.so" to ""
[23.317s] -- Installing: /home/ppuska/mediscara_ws/install/interfaces/lib/python3.8/site-packages/interfaces/interfaces_s__rosidl_typesupport_introspection_c.cpython-38-x86_64-linux-gnu.so
[23.317s] -- Set runtime path of "/home/ppuska/mediscara_ws/install/interfaces/lib/python3.8/site-packages/interfaces/interfaces_s__rosidl_typesupport_introspection_c.cpython-38-x86_64-linux-gnu.so" to ""
[23.317s] -- Installing: /home/ppuska/mediscara_ws/install/interfaces/lib/python3.8/site-packages/interfaces/interfaces_s__rosidl_typesupport_c.cpython-38-x86_64-linux-gnu.so
[23.318s] -- Set runtime path of "/home/ppuska/mediscara_ws/install/interfaces/lib/python3.8/site-packages/interfaces/interfaces_s__rosidl_typesupport_c.cpython-38-x86_64-linux-gnu.so" to ""
[23.318s] -- Installing: /home/ppuska/mediscara_ws/install/interfaces/lib/libinterfaces__python.so
[23.318s] -- Set runtime path of "/home/ppuska/mediscara_ws/install/interfaces/lib/libinterfaces__python.so" to ""
[23.318s] -- Installing: /home/ppuska/mediscara_ws/install/interfaces/share/interfaces/msg/Error.idl
[23.319s] -- Installing: /home/ppuska/mediscara_ws/install/interfaces/share/interfaces/msg/MarkerStatus.idl
[23.319s] -- Installing: /home/ppuska/mediscara_ws/install/interfaces/share/interfaces/msg/KPIC1.idl
[23.319s] -- Installing: /home/ppuska/mediscara_ws/install/interfaces/share/interfaces/msg/KPIC2.idl
[23.320s] -- Installing: /home/ppuska/mediscara_ws/install/interfaces/share/interfaces/msg/Robot2Control.idl
[23.320s] -- Installing: /home/ppuska/mediscara_ws/install/interfaces/share/interfaces/msg/Robot2Status.idl
[23.320s] -- Installing: /home/ppuska/mediscara_ws/install/interfaces/share/interfaces/msg/VisionControl.idl
[23.320s] -- Installing: /home/ppuska/mediscara_ws/install/interfaces/share/interfaces/msg/Error.msg
[23.320s] -- Installing: /home/ppuska/mediscara_ws/install/interfaces/share/interfaces/msg/MarkerStatus.msg
[23.321s] -- Installing: /home/ppuska/mediscara_ws/install/interfaces/share/interfaces/msg/KPIC1.msg
[23.321s] -- Installing: /home/ppuska/mediscara_ws/install/interfaces/share/interfaces/msg/KPIC2.msg
[23.321s] -- Installing: /home/ppuska/mediscara_ws/install/interfaces/share/interfaces/msg/Robot2Control.msg
[23.321s] -- Installing: /home/ppuska/mediscara_ws/install/interfaces/share/interfaces/msg/Robot2Status.msg
[23.322s] -- Installing: /home/ppuska/mediscara_ws/install/interfaces/share/interfaces/msg/VisionControl.msg
[23.322s] -- Installing: /home/ppuska/mediscara_ws/install/interfaces/share/ament_index/resource_index/package_run_dependencies/interfaces
[23.322s] -- Installing: /home/ppuska/mediscara_ws/install/interfaces/share/ament_index/resource_index/parent_prefix_path/interfaces
[23.322s] -- Installing: /home/ppuska/mediscara_ws/install/interfaces/share/interfaces/environment/ament_prefix_path.sh
[23.323s] -- Installing: /home/ppuska/mediscara_ws/install/interfaces/share/interfaces/environment/ament_prefix_path.dsv
[23.323s] -- Installing: /home/ppuska/mediscara_ws/install/interfaces/share/interfaces/environment/path.sh
[23.323s] -- Installing: /home/ppuska/mediscara_ws/install/interfaces/share/interfaces/environment/path.dsv
[23.324s] -- Installing: /home/ppuska/mediscara_ws/install/interfaces/share/interfaces/local_setup.bash
[23.324s] -- Installing: /home/ppuska/mediscara_ws/install/interfaces/share/interfaces/local_setup.sh
[23.324s] -- Installing: /home/ppuska/mediscara_ws/install/interfaces/share/interfaces/local_setup.zsh
[23.324s] -- Installing: /home/ppuska/mediscara_ws/install/interfaces/share/interfaces/local_setup.dsv
[23.325s] -- Installing: /home/ppuska/mediscara_ws/install/interfaces/share/interfaces/package.dsv
[23.325s] -- Installing: /home/ppuska/mediscara_ws/install/interfaces/share/ament_index/resource_index/packages/interfaces
[23.325s] -- Installing: /home/ppuska/mediscara_ws/install/interfaces/share/interfaces/cmake/interfaces__rosidl_generator_cExport.cmake
[23.325s] -- Installing: /home/ppuska/mediscara_ws/install/interfaces/share/interfaces/cmake/interfaces__rosidl_generator_cExport-noconfig.cmake
[23.326s] -- Installing: /home/ppuska/mediscara_ws/install/interfaces/share/interfaces/cmake/interfaces__rosidl_typesupport_introspection_cExport.cmake
[23.326s] -- Installing: /home/ppuska/mediscara_ws/install/interfaces/share/interfaces/cmake/interfaces__rosidl_typesupport_introspection_cExport-noconfig.cmake
[23.326s] -- Installing: /home/ppuska/mediscara_ws/install/interfaces/share/interfaces/cmake/interfaces__rosidl_typesupport_cExport.cmake
[23.326s] -- Installing: /home/ppuska/mediscara_ws/install/interfaces/share/interfaces/cmake/interfaces__rosidl_typesupport_cExport-noconfig.cmake
[23.326s] -- Installing: /home/ppuska/mediscara_ws/install/interfaces/share/interfaces/cmake/interfaces__rosidl_generator_cppExport.cmake
[23.326s] -- Installing: /home/ppuska/mediscara_ws/install/interfaces/share/interfaces/cmake/interfaces__rosidl_typesupport_introspection_cppExport.cmake
[23.326s] -- Installing: /home/ppuska/mediscara_ws/install/interfaces/share/interfaces/cmake/interfaces__rosidl_typesupport_introspection_cppExport-noconfig.cmake
[23.326s] -- Installing: /home/ppuska/mediscara_ws/install/interfaces/share/interfaces/cmake/interfaces__rosidl_typesupport_cppExport.cmake
[23.326s] -- Installing: /home/ppuska/mediscara_ws/install/interfaces/share/interfaces/cmake/interfaces__rosidl_typesupport_cppExport-noconfig.cmake
[23.327s] -- Installing: /home/ppuska/mediscara_ws/install/interfaces/share/interfaces/cmake/rosidl_cmake-extras.cmake
[23.327s] -- Installing: /home/ppuska/mediscara_ws/install/interfaces/share/interfaces/cmake/ament_cmake_export_dependencies-extras.cmake
[23.327s] -- Installing: /home/ppuska/mediscara_ws/install/interfaces/share/interfaces/cmake/ament_cmake_export_libraries-extras.cmake
[23.327s] -- Installing: /home/ppuska/mediscara_ws/install/interfaces/share/interfaces/cmake/ament_cmake_export_targets-extras.cmake
[23.327s] -- Installing: /home/ppuska/mediscara_ws/install/interfaces/share/interfaces/cmake/ament_cmake_export_include_directories-extras.cmake
[23.327s] -- Installing: /home/ppuska/mediscara_ws/install/interfaces/share/interfaces/cmake/rosidl_cmake_export_typesupport_libraries-extras.cmake
[23.327s] -- Installing: /home/ppuska/mediscara_ws/install/interfaces/share/interfaces/cmake/rosidl_cmake_export_typesupport_targets-extras.cmake
[23.327s] -- Installing: /home/ppuska/mediscara_ws/install/interfaces/share/interfaces/cmake/interfacesConfig.cmake
[23.327s] -- Installing: /home/ppuska/mediscara_ws/install/interfaces/share/interfaces/cmake/interfacesConfig-version.cmake
[23.327s] -- Installing: /home/ppuska/mediscara_ws/install/interfaces/share/interfaces/package.xml
[23.330s] Invoked command in '/home/ppuska/mediscara_ws/build/interfaces' returned '0': CMAKE_PREFIX_PATH=${CMAKE_PREFIX_PATH}:/home/ppuska/mediscara_ws/install/mediscara:/opt/ros/foxy /usr/bin/cmake --install /home/ppuska/mediscara_ws/build/interfaces
